[+] Containers:
 |- [+] Container: /Game/Levels/ColorDrainTest
 |   |- [+] ActorDescs:
 |   |   |- Guid:017394CF45B3BF2BCF7AB382975F2606 BaseClass: NativeClass:/Script/Engine.StaticMeshActor Name:StaticMeshActor_39 Label:SM_Ramp2 SpatiallyLoaded:1 Bounds:IsValid=true, Min=(X=1400.000 Y=1500.000 Z=0.000), Max=(X=1800.000 Y=1700.000 Z=100.000) RuntimeGrid:None EditorOnly:0 RuntimeOnly:0 HLODRelevant:1 FolderPath:Block01 FolderGuid:98087B8444A89373CC4763B3845E270A
 |   |   |- Guid:0238D80D4C08878C6078BFB568F14750 BaseClass: NativeClass:/Script/Engine.StaticMeshActor Name:StaticMeshActor_UAID_1C1B0DE3C1D8217B01_1269315868 Label:Tree3_Cylinder4 SpatiallyLoaded:1 Bounds:IsValid=true, Min=(X=2656.912 Y=1253.614 Z=114.658), Max=(X=3030.460 Y=1646.386 Z=1055.134) RuntimeGrid:None EditorOnly:0 RuntimeOnly:0 HLODRelevant:1
 |   |   |- Guid:0870CC704F80A8D5DF802EAC5E048723 BaseClass: NativeClass:/Script/Engine.StaticMeshActor Name:StaticMeshActor_45 Label:SM_Cube8 SpatiallyLoaded:1 Bounds:IsValid=true, Min=(X=1300.000 Y=2600.000 Z=0.000), Max=(X=2500.000 Y=2900.000 Z=200.000) RuntimeGrid:None EditorOnly:0 RuntimeOnly:0 HLODRelevant:1 FolderPath:Block02 FolderGuid:5DDF0B274F9C8B2C5DABA1999B167516
 |   |   |- Guid:174DF71143EA367D14F3838C26CC06DF BaseClass: NativeClass:/Script/Engine.SkyLight Name:SkyLight_0 Label:SkyLight SpatiallyLoaded:0 Bounds:IsValid=true, Min=(X=0.000 Y=0.000 Z=690.000), Max=(X=0.000 Y=0.000 Z=690.000) RuntimeGrid:None EditorOnly:0 RuntimeOnly:0 HLODRelevant:0 FolderPath:Lighting FolderGuid:08A10B054C95868C663DE39EE4343813
 |   |   |- Guid:22043D904138D0E50DB05FB74FCA2289 BaseClass: NativeClass:/Script/Engine.StaticMeshActor Name:StaticMeshActor_60 Label:SM_QuarterCylinder13 SpatiallyLoaded:1 Bounds:IsValid=true, Min=(X=2000.000 Y=500.000 Z=0.000), Max=(X=2200.000 Y=700.000 Z=100.000) RuntimeGrid:None EditorOnly:0 RuntimeOnly:0 HLODRelevant:1 FolderPath:Cylinder FolderGuid:ECA4956E419DA4E5BAB7F389537BCB14
 |   |   |- Guid:243A2084428544D88534E990D8BA5B83 BaseClass: NativeClass:/Script/Engine.StaticMeshActor Name:StaticMeshActor_38 Label:SM_Cube4 SpatiallyLoaded:1 Bounds:IsValid=true, Min=(X=1200.000 Y=1700.000 Z=0.000), Max=(X=1800.000 Y=2200.000 Z=200.000) RuntimeGrid:None EditorOnly:0 RuntimeOnly:0 HLODRelevant:1 FolderPath:Block01 FolderGuid:98087B8444A89373CC4763B3845E270A
 |   |   |- Guid:27937DC443222F926349AF8B846011C6 BaseClass: NativeClass:/Script/Engine.StaticMeshActor Name:StaticMeshActor_UAID_00BE43BC52048F8301_1778638667 Label:RVTMaker SpatiallyLoaded:1 Bounds:IsValid=true, Min=(X=-0.000 Y=0.000 Z=-26.497), Max=(X=3000.000 Y=3500.000 Z=23.503) RuntimeGrid:None EditorOnly:0 RuntimeOnly:0 HLODRelevant:1 FolderPath:Playground FolderGuid:8CD33C9A4E75AD59B95486AC740693D6
 |   |   |- Guid:2CC509564D3DBC415E5A5DA9FE4BC1C0 BaseClass: NativeClass:/Script/Engine.StaticMeshActor Name:StaticMeshActor_UAID_1C1B0DE3C1D8217B01_1138611864 Label:Rock4 SpatiallyLoaded:1 Bounds:IsValid=true, Min=(X=460.637 Y=379.602 Z=-38.729), Max=(X=900.107 Y=829.925 Z=210.356) RuntimeGrid:None EditorOnly:0 RuntimeOnly:0 HLODRelevant:1
 |   |   |- Guid:3E0D0C7A4D8FFA7CE31DB8AA2B2D1292 BaseClass: NativeClass:/Script/Engine.StaticMeshActor Name:StaticMeshActor_57 Label:SM_QuarterCylinder6 SpatiallyLoaded:1 Bounds:IsValid=true, Min=(X=1200.000 Y=2200.000 Z=0.000), Max=(X=1300.000 Y=2300.000 Z=200.000) RuntimeGrid:None EditorOnly:0 RuntimeOnly:0 HLODRelevant:1 FolderPath:Block01 FolderGuid:98087B8444A89373CC4763B3845E270A
 |   |   |- Guid:4F7B735A44E12B4B031927A9FC21C460 BaseClass: NativeClass:/Script/Engine.VolumetricCloud Name:VolumetricCloud_1 Label:VolumetricCloud SpatiallyLoaded:0 Bounds:IsValid=true, Min=(X=0.000 Y=0.000 Z=820.000), Max=(X=0.000 Y=0.000 Z=820.000) RuntimeGrid:None EditorOnly:0 RuntimeOnly:0 HLODRelevant:0 FolderPath:Lighting FolderGuid:08A10B054C95868C663DE39EE4343813
 |   |   |- Guid:55BB2E2F4AFA453E1F1285A3ADC7186D BaseClass: NativeClass:/Script/Engine.StaticMeshActor Name:StaticMeshActor_58 Label:SM_QuarterCylinder11 SpatiallyLoaded:1 Bounds:IsValid=true, Min=(X=2200.000 Y=700.000 Z=0.000), Max=(X=2400.000 Y=900.000 Z=100.000) RuntimeGrid:None EditorOnly:0 RuntimeOnly:0 HLODRelevant:1 FolderPath:Cylinder FolderGuid:ECA4956E419DA4E5BAB7F389537BCB14
 |   |   |- Guid:5C7C5C40408F48C386D06CA03AB130C2 BaseClass: NativeClass:/Script/Engine.StaticMeshActor Name:StaticMeshActor_UAID_A4AE111137DC5EFB00_1594956423 Label:SM_SkySphere SpatiallyLoaded:0 Bounds:IsValid=true, Min=(X=-1638400.000 Y=-1638400.000 Z=-1638400.000), Max=(X=1638400.000 Y=1638400.000 Z=1638400.000) RuntimeGrid:None EditorOnly:0 RuntimeOnly:0 HLODRelevant:1 FolderPath:Lighting FolderGuid:08A10B054C95868C663DE39EE4343813
 |   |   |- Guid:6059D7104DF0557CCD3072BD07E69ED0 BaseClass: NativeClass:/Script/Engine.StaticMeshActor Name:StaticMeshActor_UAID_00BE43BC5204908301_1219682844 Label:SM_Cube2 SpatiallyLoaded:1 Bounds:IsValid=true, Min=(X=0.000 Y=0.000 Z=-50.000), Max=(X=3000.000 Y=3500.000 Z=0.000) RuntimeGrid:None EditorOnly:0 RuntimeOnly:0 HLODRelevant:1 FolderPath:Playground FolderGuid:8CD33C9A4E75AD59B95486AC740693D6
 |   |   |- Guid:660964DC441B0104AF90EFAD0F0D81AE BaseClass: NativeClass:/Script/Engine.RuntimeVirtualTextureVolume Name:RuntimeVirtualTextureVolume_UAID_00BE43BC52048D8301_1819468312 Label:Runtime Virtual Texture Volume SpatiallyLoaded:0 Bounds:IsValid=true, Min=(X=0.000 Y=-0.000 Z=-50.000), Max=(X=3000.000 Y=3500.000 Z=23.503) RuntimeGrid:None EditorOnly:0 RuntimeOnly:0 HLODRelevant:0
 |   |   |- Guid:723128A2477074C68D9A5EA484DF76A8 BaseClass: NativeClass:/Script/Engine.StaticMeshActor Name:StaticMeshActor_46 Label:SM_Cube9 SpatiallyLoaded:1 Bounds:IsValid=true, Min=(X=1800.000 Y=1500.000 Z=0.000), Max=(X=2000.000 Y=2200.000 Z=100.000) RuntimeGrid:None EditorOnly:0 RuntimeOnly:0 HLODRelevant:1 FolderPath:Block01 FolderGuid:98087B8444A89373CC4763B3845E270A
 |   |   |- Guid:788903924598EC8109F9709A8AB41C0D BaseClass: NativeClass:/Script/Engine.WorldDataLayers Name:WorldDataLayers Label:WorldDataLayers-1 SpatiallyLoaded:0 Bounds:IsValid=true, Min=(X=0.000 Y=0.000 Z=0.000), Max=(X=0.000 Y=0.000 Z=0.000) RuntimeGrid:None EditorOnly:0 RuntimeOnly:0 HLODRelevant:0
 |   |   |- Guid:7B2A6829429D26532EB7C9B6CD614A3D BaseClass: NativeClass:/Script/Engine.StaticMeshActor Name:StaticMeshActor_UAID_1C1B0DE3C1D8217B01_1271661869 Label:Tree3_Cylinder5 SpatiallyLoaded:1 Bounds:IsValid=true, Min=(X=2731.324 Y=970.734 Z=139.390), Max=(X=2901.118 Y=1149.266 Z=566.879) RuntimeGrid:None EditorOnly:0 RuntimeOnly:0 HLODRelevant:1
 |   |   |- Guid:830FF81C457CA01C97438B95CD9DF038 BaseClass: NativeClass:/Script/Engine.StaticMeshActor Name:StaticMeshActor_34 Label:SM_ChamferCube SpatiallyLoaded:1 Bounds:IsValid=true, Min=(X=1100.000 Y=2000.000 Z=0.013), Max=(X=1200.000 Y=2100.000 Z=100.013) RuntimeGrid:None EditorOnly:0 RuntimeOnly:0 HLODRelevant:0
 |   |   |- Guid:84A6C2C04177158166E2439E0CBAE730 BaseClass: NativeClass:/Script/Engine.StaticMeshActor Name:StaticMeshActor_35 Label:SM_Ramp SpatiallyLoaded:1 Bounds:IsValid=true, Min=(X=1300.000 Y=600.000 Z=0.000), Max=(X=1700.000 Y=800.000 Z=30.000) RuntimeGrid:None EditorOnly:0 RuntimeOnly:0 HLODRelevant:1
 |   |   |- Guid:901C748940C0D4AB214A8B8BF7D39AEC BaseClass: NativeClass:/Script/Engine.StaticMeshActor Name:StaticMeshActor_59 Label:SM_QuarterCylinder12 SpatiallyLoaded:1 Bounds:IsValid=true, Min=(X=2000.000 Y=700.000 Z=0.000), Max=(X=2200.000 Y=900.000 Z=100.000) RuntimeGrid:None EditorOnly:0 RuntimeOnly:0 HLODRelevant:1 FolderPath:Cylinder FolderGuid:ECA4956E419DA4E5BAB7F389537BCB14
 |   |   |- Guid:96C16AF946CFF8929C47A09CAE7CD832 BaseClass: NativeClass:/Script/Engine.StaticMeshActor Name:StaticMeshActor_48 Label:SM_Cube10 SpatiallyLoaded:1 Bounds:IsValid=true, Min=(X=1800.000 Y=2100.000 Z=100.000), Max=(X=2000.000 Y=2200.000 Z=200.000) RuntimeGrid:None EditorOnly:0 RuntimeOnly:0 HLODRelevant:1 FolderPath:Block01 FolderGuid:98087B8444A89373CC4763B3845E270A
 |   |   |- Guid:97625685428ED89E06818B996F1A508E BaseClass: NativeClass:/Script/Engine.StaticMeshActor Name:StaticMeshActor_53 Label:SM_QuarterCylinder3 SpatiallyLoaded:1 Bounds:IsValid=true, Min=(X=1500.000 Y=2200.000 Z=0.000), Max=(X=1600.000 Y=2300.000 Z=200.000) RuntimeGrid:None EditorOnly:0 RuntimeOnly:0 HLODRelevant:1 FolderPath:Block01 FolderGuid:98087B8444A89373CC4763B3845E270A
 |   |   |- Guid:9A8590F64719696F576D32BEA8B1AF88 BaseClass: NativeClass:/Script/Engine.StaticMeshActor Name:StaticMeshActor_50 Label:SM_QuarterCylinder SpatiallyLoaded:1 Bounds:IsValid=true, Min=(X=2500.000 Y=2800.000 Z=0.000), Max=(X=2600.000 Y=2900.000 Z=200.000) RuntimeGrid:None EditorOnly:0 RuntimeOnly:0 HLODRelevant:1 FolderPath:Block02 FolderGuid:5DDF0B274F9C8B2C5DABA1999B167516
 |   |   |- Guid:9EEA3A28451CA7F09A1C48BD542542E6 BaseClass: NativeClass:/Script/Engine.StaticMeshActor Name:StaticMeshActor_UAID_1C1B0DE3C1D8217B01_1159074865 Label:Rock5 SpatiallyLoaded:1 Bounds:IsValid=true, Min=(X=151.822 Y=453.533 Z=-38.729), Max=(X=489.854 Y=809.723 Z=210.356) RuntimeGrid:None EditorOnly:0 RuntimeOnly:0 HLODRelevant:1
 |   |   |- Guid:9FFE6665469AE829D82050A8B1F67178 BaseClass: NativeClass:/Script/Engine.DirectionalLight Name:DirectionalLight_1 Label:DirectionalLight SpatiallyLoaded:0 Bounds:IsValid=true, Min=(X=-4398046511104.000 Y=-4398046511104.000 Z=-4398046511104.000), Max=(X=4398046511104.000 Y=4398046511104.000 Z=4398046511104.000) RuntimeGrid:None EditorOnly:0 RuntimeOnly:0 HLODRelevant:0 FolderPath:Lighting FolderGuid:08A10B054C95868C663DE39EE4343813
 |   |   |- Guid:A25F61BD4F2EE2C7409611810AC3BAD4 BaseClass: NativeClass:/Script/Engine.StaticMeshActor Name:StaticMeshActor_52 Label:SM_Cube12 SpatiallyLoaded:1 Bounds:IsValid=true, Min=(X=2500.000 Y=2700.000 Z=0.000), Max=(X=2600.000 Y=2800.000 Z=200.000) RuntimeGrid:None EditorOnly:0 RuntimeOnly:0 HLODRelevant:1 FolderPath:Block02 FolderGuid:5DDF0B274F9C8B2C5DABA1999B167516
 |   |   |- Guid:A7FB847A4A1DACD12053998C0C82FF9C BaseClass: NativeClass:/Script/Engine.StaticMeshActor Name:StaticMeshActor_55 Label:SM_QuarterCylinder5 SpatiallyLoaded:1 Bounds:IsValid=true, Min=(X=300.000 Y=2800.000 Z=0.000), Max=(X=400.000 Y=2900.000 Z=200.000) RuntimeGrid:None EditorOnly:0 RuntimeOnly:0 HLODRelevant:1 FolderPath:Block03 FolderGuid:8CD3949449A9ED1D3F209CA69A64B60F
 |   |   |- Guid:A85A7AD046A0462D176E6889992C1216 BaseClass: NativeClass:/Script/Engine.PostProcessVolume Name:PostProcessVolume_0 Label:PostProcessVolume SpatiallyLoaded:0 Bounds:IsValid=true, Min=(X=0.000 Y=0.000 Z=400.000), Max=(X=200.000 Y=200.000 Z=600.000) RuntimeGrid:None EditorOnly:0 RuntimeOnly:0 HLODRelevant:0 FolderPath:Lighting FolderGuid:08A10B054C95868C663DE39EE4343813
 |   |   |- Guid:AA857C9F436500D6ED8E03A5806DCE50 BaseClass: NativeClass:/Script/Engine.StaticMeshActor Name:StaticMeshActor_44 Label:SM_Cube7 SpatiallyLoaded:1 Bounds:IsValid=true, Min=(X=1300.000 Y=2200.000 Z=0.000), Max=(X=1500.000 Y=2300.000 Z=200.000) RuntimeGrid:None EditorOnly:0 RuntimeOnly:0 HLODRelevant:1 FolderPath:Block01 FolderGuid:98087B8444A89373CC4763B3845E270A
 |   |   |- Guid:AE8AA01A4DE576B371C05FA79B282659 BaseClass: NativeClass:/Script/Engine.StaticMeshActor Name:StaticMeshActor_40 Label:SM_ChamferCube2 SpatiallyLoaded:1 Bounds:IsValid=true, Min=(X=992.077 Y=2692.077 Z=0.013), Max=(X=1107.923 Y=2807.923 Z=100.013) RuntimeGrid:None EditorOnly:0 RuntimeOnly:0 HLODRelevant:0
 |   |   |- Guid:B03DACD147F194F0CF6EDDB37DB74B88 BaseClass: NativeClass:/Script/Engine.StaticMeshActor Name:StaticMeshActor_UAID_1C1B0DE3C1D8217B01_1245300867 Label:SM_Cube14 SpatiallyLoaded:1 Bounds:IsValid=true, Min=(X=2680.000 Y=920.000 Z=0.000), Max=(X=2980.000 Y=2120.000 Z=200.000) RuntimeGrid:None EditorOnly:0 RuntimeOnly:0 HLODRelevant:1 FolderPath:Block02 FolderGuid:5DDF0B274F9C8B2C5DABA1999B167516
 |   |   |- Guid:B0B3FF214CF561B12027659CB66935DA BaseClass: NativeClass:/Script/Engine.StaticMeshActor Name:StaticMeshActor_UAID_1C1B0DE3C1D8217B01_1230356866 Label:Tree3_Cylinder3 SpatiallyLoaded:1 Bounds:IsValid=true, Min=(X=2714.118 Y=1787.174 Z=127.024), Max=(X=2985.789 Y=2072.826 Z=811.006) RuntimeGrid:None EditorOnly:0 RuntimeOnly:0 HLODRelevant:1
 |   |   |- Guid:B23C247D4E34A96052E563A19E79FA75 BaseClass: NativeClass:/Script/Engine.ExponentialHeightFog Name:ExponentialHeightFog_1 Label:ExponentialHeightFog SpatiallyLoaded:0 Bounds:IsValid=true, Min=(X=-5600.000 Y=-50.000 Z=-6850.000), Max=(X=-5600.000 Y=-50.000 Z=-6850.000) RuntimeGrid:None EditorOnly:0 RuntimeOnly:0 HLODRelevant:0 FolderPath:Lighting FolderGuid:08A10B054C95868C663DE39EE4343813
 |   |   |- Guid:B9527F18436B4C90019C7C8AF398144B BaseClass: NativeClass:/Script/Engine.StaticMeshActor Name:StaticMeshActor_41 Label:SM_ChamferCube3 SpatiallyLoaded:1 Bounds:IsValid=true, Min=(X=481.699 Y=2271.699 Z=0.013), Max=(X=618.301 Y=2408.301 Z=100.013) RuntimeGrid:None EditorOnly:0 RuntimeOnly:0 HLODRelevant:0
 |   |   |- Guid:BC42D9B9467E38655AFC6DB667A61ECA BaseClass: NativeClass:/Script/Engine.StaticMeshActor Name:StaticMeshActor_49 Label:SM_Cube11 SpatiallyLoaded:1 Bounds:IsValid=true, Min=(X=400.000 Y=2600.000 Z=0.000), Max=(X=700.000 Y=2900.000 Z=200.000) RuntimeGrid:None EditorOnly:0 RuntimeOnly:0 HLODRelevant:1 FolderPath:Block03 FolderGuid:8CD3949449A9ED1D3F209CA69A64B60F
 |   |   |- Guid:BD430F5245E33ECC56F7628FBABC5D84 BaseClass: NativeClass:/Script/Engine.StaticMeshActor Name:StaticMeshActor_33 Label:SM_Cube SpatiallyLoaded:1 Bounds:IsValid=true, Min=(X=-0.000 Y=0.000 Z=-50.000), Max=(X=3000.000 Y=3500.000 Z=0.000) RuntimeGrid:None EditorOnly:0 RuntimeOnly:0 HLODRelevant:1 FolderPath:Playground FolderGuid:8CD33C9A4E75AD59B95486AC740693D6
 |   |   |- Guid:BFB671284CA12B07A4565ABBE4C17B4C BaseClass: NativeClass:/Script/Engine.StaticMeshActor Name:StaticMeshActor_51 Label:SM_QuarterCylinder2 SpatiallyLoaded:1 Bounds:IsValid=true, Min=(X=2500.000 Y=2600.000 Z=0.000), Max=(X=2600.000 Y=2700.000 Z=200.000) RuntimeGrid:None EditorOnly:0 RuntimeOnly:0 HLODRelevant:1 FolderPath:Block02 FolderGuid:5DDF0B274F9C8B2C5DABA1999B167516
 |   |   |- Guid:C37583254E2E8BB3AF2088A172D2C6EE BaseClass: NativeClass:/Script/Engine.StaticMeshActor Name:StaticMeshActor_UAID_1C1B0DE3C1D8187B01_1409948272 Label:Tree3_Cylinder SpatiallyLoaded:1 Bounds:IsValid=true, Min=(X=361.177 Y=1625.761 Z=-39.464), Max=(X=768.684 Y=2054.239 Z=986.510) RuntimeGrid:None EditorOnly:0 RuntimeOnly:0 HLODRelevant:1
 |   |   |- Guid:C752FDB9451B0FA0675D4B9D3E8B12AB BaseClass: NativeClass:/Script/Engine.StaticMeshActor Name:StaticMeshActor_56 Label:SM_Cube13 SpatiallyLoaded:1 Bounds:IsValid=true, Min=(X=300.000 Y=2700.000 Z=0.000), Max=(X=400.000 Y=2800.000 Z=200.000) RuntimeGrid:None EditorOnly:0 RuntimeOnly:0 HLODRelevant:1 FolderPath:Block03 FolderGuid:8CD3949449A9ED1D3F209CA69A64B60F
 |   |   |- Guid:CA34D9BF4F357D40F2FD27B88D4DFEC9 BaseClass: NativeClass:/Script/Engine.StaticMeshActor Name:StaticMeshActor_UAID_1C1B0DE3C1D8217B01_1081313863 Label:Rock3 SpatiallyLoaded:1 Bounds:IsValid=true, Min=(X=260.277 Y=161.822 Z=-38.729), Max=(X=616.467 Y=499.854 Z=210.356) RuntimeGrid:None EditorOnly:0 RuntimeOnly:0 HLODRelevant:1
 |   |   |- Guid:CFABD886490430AC7255E9AB88E0AC4D BaseClass: NativeClass:/Script/Engine.StaticMeshActor Name:StaticMeshActor_UAID_1C1B0DE3C1D80C7B01_1850718159 Label:Cone SpatiallyLoaded:1 Bounds:IsValid=true, Min=(X=1430.000 Y=1910.000 Z=200.000), Max=(X=1530.000 Y=2010.000 Z=400.000) RuntimeGrid:None EditorOnly:0 RuntimeOnly:0 HLODRelevant:1
 |   |   |- Guid:D6CAE45C4E23DD1723795E8792894597 BaseClass: NativeClass:/Script/Engine.StaticMeshActor Name:StaticMeshActor_54 Label:SM_QuarterCylinder4 SpatiallyLoaded:1 Bounds:IsValid=true, Min=(X=300.000 Y=2600.000 Z=0.000), Max=(X=400.000 Y=2700.000 Z=200.000) RuntimeGrid:None EditorOnly:0 RuntimeOnly:0 HLODRelevant:1 FolderPath:Block03 FolderGuid:8CD3949449A9ED1D3F209CA69A64B60F
 |   |   |- Guid:E7C88B004DFFF4BE08155AB223A0EF2C BaseClass: NativeClass:/Script/Engine.SkyAtmosphere Name:SkyAtmosphere_1 Label:SkyAtmosphere SpatiallyLoaded:0 Bounds:IsValid=true, Min=(X=0.000 Y=0.000 Z=1020.000), Max=(X=0.000 Y=0.000 Z=1020.000) RuntimeGrid:None EditorOnly:0 RuntimeOnly:0 HLODRelevant:0 FolderPath:Lighting FolderGuid:08A10B054C95868C663DE39EE4343813
 |   |   |- Guid:ED634735430DB9B4198DF4A9A188273B BaseClass: NativeClass:/Script/Engine.StaticMeshActor Name:StaticMeshActor_61 Label:SM_QuarterCylinder14 SpatiallyLoaded:1 Bounds:IsValid=true, Min=(X=2200.000 Y=500.000 Z=0.000), Max=(X=2400.000 Y=700.000 Z=100.000) RuntimeGrid:None EditorOnly:0 RuntimeOnly:0 HLODRelevant:1 FolderPath:Cylinder FolderGuid:ECA4956E419DA4E5BAB7F389537BCB14
 |   |   |- Guid:F273828D468DD479CDB07EBF9F6EBA68 BaseClass: NativeClass:/Script/Engine.StaticMeshActor Name:StaticMeshActor_47 Label:SM_Ramp3 SpatiallyLoaded:1 Bounds:IsValid=true, Min=(X=1800.000 Y=1700.000 Z=100.000), Max=(X=2000.000 Y=2100.000 Z=200.000) RuntimeGrid:None EditorOnly:0 RuntimeOnly:0 HLODRelevant:1 FolderPath:Block01 FolderGuid:98087B8444A89373CC4763B3845E270A
 |   |- [+] Clusters:
 |   |   |- [+] [  0]
 |   |   |   |- Guid:017394CF45B3BF2BCF7AB382975F2606 BaseClass: NativeClass:/Script/Engine.StaticMeshActor Name:StaticMeshActor_39 Label:SM_Ramp2 SpatiallyLoaded:1 Bounds:IsValid=true, Min=(X=1400.000 Y=1500.000 Z=0.000), Max=(X=1800.000 Y=1700.000 Z=100.000) RuntimeGrid:None EditorOnly:0 RuntimeOnly:0 HLODRelevant:1 FolderPath:Block01 FolderGuid:98087B8444A89373CC4763B3845E270A
 |   |   |- [+] [  1]
 |   |   |   |- Guid:F273828D468DD479CDB07EBF9F6EBA68 BaseClass: NativeClass:/Script/Engine.StaticMeshActor Name:StaticMeshActor_47 Label:SM_Ramp3 SpatiallyLoaded:1 Bounds:IsValid=true, Min=(X=1800.000 Y=1700.000 Z=100.000), Max=(X=2000.000 Y=2100.000 Z=200.000) RuntimeGrid:None EditorOnly:0 RuntimeOnly:0 HLODRelevant:1 FolderPath:Block01 FolderGuid:98087B8444A89373CC4763B3845E270A
 |   |   |- [+] [  2]
 |   |   |   |- Guid:B03DACD147F194F0CF6EDDB37DB74B88 BaseClass: NativeClass:/Script/Engine.StaticMeshActor Name:StaticMeshActor_UAID_1C1B0DE3C1D8217B01_1245300867 Label:SM_Cube14 SpatiallyLoaded:1 Bounds:IsValid=true, Min=(X=2680.000 Y=920.000 Z=0.000), Max=(X=2980.000 Y=2120.000 Z=200.000) RuntimeGrid:None EditorOnly:0 RuntimeOnly:0 HLODRelevant:1 FolderPath:Block02 FolderGuid:5DDF0B274F9C8B2C5DABA1999B167516
 |   |   |- [+] [  3]
 |   |   |   |- Guid:A7FB847A4A1DACD12053998C0C82FF9C BaseClass: NativeClass:/Script/Engine.StaticMeshActor Name:StaticMeshActor_55 Label:SM_QuarterCylinder5 SpatiallyLoaded:1 Bounds:IsValid=true, Min=(X=300.000 Y=2800.000 Z=0.000), Max=(X=400.000 Y=2900.000 Z=200.000) RuntimeGrid:None EditorOnly:0 RuntimeOnly:0 HLODRelevant:1 FolderPath:Block03 FolderGuid:8CD3949449A9ED1D3F209CA69A64B60F
 |   |   |- [+] [  4]
 |   |   |   |- Guid:788903924598EC8109F9709A8AB41C0D BaseClass: NativeClass:/Script/Engine.WorldDataLayers Name:WorldDataLayers Label:WorldDataLayers-1 SpatiallyLoaded:0 Bounds:IsValid=true, Min=(X=0.000 Y=0.000 Z=0.000), Max=(X=0.000 Y=0.000 Z=0.000) RuntimeGrid:None EditorOnly:0 RuntimeOnly:0 HLODRelevant:0
 |   |   |- [+] [  5]
 |   |   |   |- Guid:B9527F18436B4C90019C7C8AF398144B BaseClass: NativeClass:/Script/Engine.StaticMeshActor Name:StaticMeshActor_41 Label:SM_ChamferCube3 SpatiallyLoaded:1 Bounds:IsValid=true, Min=(X=481.699 Y=2271.699 Z=0.013), Max=(X=618.301 Y=2408.301 Z=100.013) RuntimeGrid:None EditorOnly:0 RuntimeOnly:0 HLODRelevant:0
 |   |   |- [+] [  6]
 |   |   |   |- Guid:CA34D9BF4F357D40F2FD27B88D4DFEC9 BaseClass: NativeClass:/Script/Engine.StaticMeshActor Name:StaticMeshActor_UAID_1C1B0DE3C1D8217B01_1081313863 Label:Rock3 SpatiallyLoaded:1 Bounds:IsValid=true, Min=(X=260.277 Y=161.822 Z=-38.729), Max=(X=616.467 Y=499.854 Z=210.356) RuntimeGrid:None EditorOnly:0 RuntimeOnly:0 HLODRelevant:1
 |   |   |- [+] [  7]
 |   |   |   |- Guid:ED634735430DB9B4198DF4A9A188273B BaseClass: NativeClass:/Script/Engine.StaticMeshActor Name:StaticMeshActor_61 Label:SM_QuarterCylinder14 SpatiallyLoaded:1 Bounds:IsValid=true, Min=(X=2200.000 Y=500.000 Z=0.000), Max=(X=2400.000 Y=700.000 Z=100.000) RuntimeGrid:None EditorOnly:0 RuntimeOnly:0 HLODRelevant:1 FolderPath:Cylinder FolderGuid:ECA4956E419DA4E5BAB7F389537BCB14
 |   |   |- [+] [  8]
 |   |   |   |- Guid:2CC509564D3DBC415E5A5DA9FE4BC1C0 BaseClass: NativeClass:/Script/Engine.StaticMeshActor Name:StaticMeshActor_UAID_1C1B0DE3C1D8217B01_1138611864 Label:Rock4 SpatiallyLoaded:1 Bounds:IsValid=true, Min=(X=460.637 Y=379.602 Z=-38.729), Max=(X=900.107 Y=829.925 Z=210.356) RuntimeGrid:None EditorOnly:0 RuntimeOnly:0 HLODRelevant:1
 |   |   |- [+] [  9]
 |   |   |   |- Guid:C752FDB9451B0FA0675D4B9D3E8B12AB BaseClass: NativeClass:/Script/Engine.StaticMeshActor Name:StaticMeshActor_56 Label:SM_Cube13 SpatiallyLoaded:1 Bounds:IsValid=true, Min=(X=300.000 Y=2700.000 Z=0.000), Max=(X=400.000 Y=2800.000 Z=200.000) RuntimeGrid:None EditorOnly:0 RuntimeOnly:0 HLODRelevant:1 FolderPath:Block03 FolderGuid:8CD3949449A9ED1D3F209CA69A64B60F
 |   |   |- [+] [ 10]
 |   |   |   |- Guid:C37583254E2E8BB3AF2088A172D2C6EE BaseClass: NativeClass:/Script/Engine.StaticMeshActor Name:StaticMeshActor_UAID_1C1B0DE3C1D8187B01_1409948272 Label:Tree3_Cylinder SpatiallyLoaded:1 Bounds:IsValid=true, Min=(X=361.177 Y=1625.761 Z=-39.464), Max=(X=768.684 Y=2054.239 Z=986.510) RuntimeGrid:None EditorOnly:0 RuntimeOnly:0 HLODRelevant:1
 |   |   |- [+] [ 11]
 |   |   |   |- Guid:D6CAE45C4E23DD1723795E8792894597 BaseClass: NativeClass:/Script/Engine.StaticMeshActor Name:StaticMeshActor_54 Label:SM_QuarterCylinder4 SpatiallyLoaded:1 Bounds:IsValid=true, Min=(X=300.000 Y=2600.000 Z=0.000), Max=(X=400.000 Y=2700.000 Z=200.000) RuntimeGrid:None EditorOnly:0 RuntimeOnly:0 HLODRelevant:1 FolderPath:Block03 FolderGuid:8CD3949449A9ED1D3F209CA69A64B60F
 |   |   |- [+] [ 12]
 |   |   |   |- Guid:4F7B735A44E12B4B031927A9FC21C460 BaseClass: NativeClass:/Script/Engine.VolumetricCloud Name:VolumetricCloud_1 Label:VolumetricCloud SpatiallyLoaded:0 Bounds:IsValid=true, Min=(X=0.000 Y=0.000 Z=820.000), Max=(X=0.000 Y=0.000 Z=820.000) RuntimeGrid:None EditorOnly:0 RuntimeOnly:0 HLODRelevant:0 FolderPath:Lighting FolderGuid:08A10B054C95868C663DE39EE4343813
 |   |   |- [+] [ 13]
 |   |   |   |- Guid:243A2084428544D88534E990D8BA5B83 BaseClass: NativeClass:/Script/Engine.StaticMeshActor Name:StaticMeshActor_38 Label:SM_Cube4 SpatiallyLoaded:1 Bounds:IsValid=true, Min=(X=1200.000 Y=1700.000 Z=0.000), Max=(X=1800.000 Y=2200.000 Z=200.000) RuntimeGrid:None EditorOnly:0 RuntimeOnly:0 HLODRelevant:1 FolderPath:Block01 FolderGuid:98087B8444A89373CC4763B3845E270A
 |   |   |- [+] [ 14]
 |   |   |   |- Guid:A85A7AD046A0462D176E6889992C1216 BaseClass: NativeClass:/Script/Engine.PostProcessVolume Name:PostProcessVolume_0 Label:PostProcessVolume SpatiallyLoaded:0 Bounds:IsValid=true, Min=(X=0.000 Y=0.000 Z=400.000), Max=(X=200.000 Y=200.000 Z=600.000) RuntimeGrid:None EditorOnly:0 RuntimeOnly:0 HLODRelevant:0 FolderPath:Lighting FolderGuid:08A10B054C95868C663DE39EE4343813
 |   |   |- [+] [ 15]
 |   |   |   |- Guid:27937DC443222F926349AF8B846011C6 BaseClass: NativeClass:/Script/Engine.StaticMeshActor Name:StaticMeshActor_UAID_00BE43BC52048F8301_1778638667 Label:RVTMaker SpatiallyLoaded:1 Bounds:IsValid=true, Min=(X=-0.000 Y=0.000 Z=-26.497), Max=(X=3000.000 Y=3500.000 Z=23.503) RuntimeGrid:None EditorOnly:0 RuntimeOnly:0 HLODRelevant:1 FolderPath:Playground FolderGuid:8CD33C9A4E75AD59B95486AC740693D6
 |   |   |- [+] [ 16]
 |   |   |   |- Guid:BD430F5245E33ECC56F7628FBABC5D84 BaseClass: NativeClass:/Script/Engine.StaticMeshActor Name:StaticMeshActor_33 Label:SM_Cube SpatiallyLoaded:1 Bounds:IsValid=true, Min=(X=-0.000 Y=0.000 Z=-50.000), Max=(X=3000.000 Y=3500.000 Z=0.000) RuntimeGrid:None EditorOnly:0 RuntimeOnly:0 HLODRelevant:1 FolderPath:Playground FolderGuid:8CD33C9A4E75AD59B95486AC740693D6
 |   |   |- [+] [ 17]
 |   |   |   |- Guid:0238D80D4C08878C6078BFB568F14750 BaseClass: NativeClass:/Script/Engine.StaticMeshActor Name:StaticMeshActor_UAID_1C1B0DE3C1D8217B01_1269315868 Label:Tree3_Cylinder4 SpatiallyLoaded:1 Bounds:IsValid=true, Min=(X=2656.912 Y=1253.614 Z=114.658), Max=(X=3030.460 Y=1646.386 Z=1055.134) RuntimeGrid:None EditorOnly:0 RuntimeOnly:0 HLODRelevant:1
 |   |   |- [+] [ 18]
 |   |   |   |- Guid:B0B3FF214CF561B12027659CB66935DA BaseClass: NativeClass:/Script/Engine.StaticMeshActor Name:StaticMeshActor_UAID_1C1B0DE3C1D8217B01_1230356866 Label:Tree3_Cylinder3 SpatiallyLoaded:1 Bounds:IsValid=true, Min=(X=2714.118 Y=1787.174 Z=127.024), Max=(X=2985.789 Y=2072.826 Z=811.006) RuntimeGrid:None EditorOnly:0 RuntimeOnly:0 HLODRelevant:1
 |   |   |- [+] [ 19]
 |   |   |   |- Guid:0870CC704F80A8D5DF802EAC5E048723 BaseClass: NativeClass:/Script/Engine.StaticMeshActor Name:StaticMeshActor_45 Label:SM_Cube8 SpatiallyLoaded:1 Bounds:IsValid=true, Min=(X=1300.000 Y=2600.000 Z=0.000), Max=(X=2500.000 Y=2900.000 Z=200.000) RuntimeGrid:None EditorOnly:0 RuntimeOnly:0 HLODRelevant:1 FolderPath:Block02 FolderGuid:5DDF0B274F9C8B2C5DABA1999B167516
 |   |   |- [+] [ 20]
 |   |   |   |- Guid:9EEA3A28451CA7F09A1C48BD542542E6 BaseClass: NativeClass:/Script/Engine.StaticMeshActor Name:StaticMeshActor_UAID_1C1B0DE3C1D8217B01_1159074865 Label:Rock5 SpatiallyLoaded:1 Bounds:IsValid=true, Min=(X=151.822 Y=453.533 Z=-38.729), Max=(X=489.854 Y=809.723 Z=210.356) RuntimeGrid:None EditorOnly:0 RuntimeOnly:0 HLODRelevant:1
 |   |   |- [+] [ 21]
 |   |   |   |- Guid:96C16AF946CFF8929C47A09CAE7CD832 BaseClass: NativeClass:/Script/Engine.StaticMeshActor Name:StaticMeshActor_48 Label:SM_Cube10 SpatiallyLoaded:1 Bounds:IsValid=true, Min=(X=1800.000 Y=2100.000 Z=100.000), Max=(X=2000.000 Y=2200.000 Z=200.000) RuntimeGrid:None EditorOnly:0 RuntimeOnly:0 HLODRelevant:1 FolderPath:Block01 FolderGuid:98087B8444A89373CC4763B3845E270A
 |   |   |- [+] [ 22]
 |   |   |   |- Guid:3E0D0C7A4D8FFA7CE31DB8AA2B2D1292 BaseClass: NativeClass:/Script/Engine.StaticMeshActor Name:StaticMeshActor_57 Label:SM_QuarterCylinder6 SpatiallyLoaded:1 Bounds:IsValid=true, Min=(X=1200.000 Y=2200.000 Z=0.000), Max=(X=1300.000 Y=2300.000 Z=200.000) RuntimeGrid:None EditorOnly:0 RuntimeOnly:0 HLODRelevant:1 FolderPath:Block01 FolderGuid:98087B8444A89373CC4763B3845E270A
 |   |   |- [+] [ 23]
 |   |   |   |- Guid:9FFE6665469AE829D82050A8B1F67178 BaseClass: NativeClass:/Script/Engine.DirectionalLight Name:DirectionalLight_1 Label:DirectionalLight SpatiallyLoaded:0 Bounds:IsValid=true, Min=(X=-4398046511104.000 Y=-4398046511104.000 Z=-4398046511104.000), Max=(X=4398046511104.000 Y=4398046511104.000 Z=4398046511104.000) RuntimeGrid:None EditorOnly:0 RuntimeOnly:0 HLODRelevant:0 FolderPath:Lighting FolderGuid:08A10B054C95868C663DE39EE4343813
 |   |   |- [+] [ 24]
 |   |   |   |- Guid:9A8590F64719696F576D32BEA8B1AF88 BaseClass: NativeClass:/Script/Engine.StaticMeshActor Name:StaticMeshActor_50 Label:SM_QuarterCylinder SpatiallyLoaded:1 Bounds:IsValid=true, Min=(X=2500.000 Y=2800.000 Z=0.000), Max=(X=2600.000 Y=2900.000 Z=200.000) RuntimeGrid:None EditorOnly:0 RuntimeOnly:0 HLODRelevant:1 FolderPath:Block02 FolderGuid:5DDF0B274F9C8B2C5DABA1999B167516
 |   |   |- [+] [ 25]
 |   |   |   |- Guid:CFABD886490430AC7255E9AB88E0AC4D BaseClass: NativeClass:/Script/Engine.StaticMeshActor Name:StaticMeshActor_UAID_1C1B0DE3C1D80C7B01_1850718159 Label:Cone SpatiallyLoaded:1 Bounds:IsValid=true, Min=(X=1430.000 Y=1910.000 Z=200.000), Max=(X=1530.000 Y=2010.000 Z=400.000) RuntimeGrid:None EditorOnly:0 RuntimeOnly:0 HLODRelevant:1
 |   |   |- [+] [ 26]
 |   |   |   |- Guid:E7C88B004DFFF4BE08155AB223A0EF2C BaseClass: NativeClass:/Script/Engine.SkyAtmosphere Name:SkyAtmosphere_1 Label:SkyAtmosphere SpatiallyLoaded:0 Bounds:IsValid=true, Min=(X=0.000 Y=0.000 Z=1020.000), Max=(X=0.000 Y=0.000 Z=1020.000) RuntimeGrid:None EditorOnly:0 RuntimeOnly:0 HLODRelevant:0 FolderPath:Lighting FolderGuid:08A10B054C95868C663DE39EE4343813
 |   |   |- [+] [ 27]
 |   |   |   |- Guid:97625685428ED89E06818B996F1A508E BaseClass: NativeClass:/Script/Engine.StaticMeshActor Name:StaticMeshActor_53 Label:SM_QuarterCylinder3 SpatiallyLoaded:1 Bounds:IsValid=true, Min=(X=1500.000 Y=2200.000 Z=0.000), Max=(X=1600.000 Y=2300.000 Z=200.000) RuntimeGrid:None EditorOnly:0 RuntimeOnly:0 HLODRelevant:1 FolderPath:Block01 FolderGuid:98087B8444A89373CC4763B3845E270A
 |   |   |- [+] [ 28]
 |   |   |   |- Guid:BFB671284CA12B07A4565ABBE4C17B4C BaseClass: NativeClass:/Script/Engine.StaticMeshActor Name:StaticMeshActor_51 Label:SM_QuarterCylinder2 SpatiallyLoaded:1 Bounds:IsValid=true, Min=(X=2500.000 Y=2600.000 Z=0.000), Max=(X=2600.000 Y=2700.000 Z=200.000) RuntimeGrid:None EditorOnly:0 RuntimeOnly:0 HLODRelevant:1 FolderPath:Block02 FolderGuid:5DDF0B274F9C8B2C5DABA1999B167516
 |   |   |- [+] [ 29]
 |   |   |   |- Guid:5C7C5C40408F48C386D06CA03AB130C2 BaseClass: NativeClass:/Script/Engine.StaticMeshActor Name:StaticMeshActor_UAID_A4AE111137DC5EFB00_1594956423 Label:SM_SkySphere SpatiallyLoaded:0 Bounds:IsValid=true, Min=(X=-1638400.000 Y=-1638400.000 Z=-1638400.000), Max=(X=1638400.000 Y=1638400.000 Z=1638400.000) RuntimeGrid:None EditorOnly:0 RuntimeOnly:0 HLODRelevant:1 FolderPath:Lighting FolderGuid:08A10B054C95868C663DE39EE4343813
 |   |   |- [+] [ 30]
 |   |   |   |- Guid:55BB2E2F4AFA453E1F1285A3ADC7186D BaseClass: NativeClass:/Script/Engine.StaticMeshActor Name:StaticMeshActor_58 Label:SM_QuarterCylinder11 SpatiallyLoaded:1 Bounds:IsValid=true, Min=(X=2200.000 Y=700.000 Z=0.000), Max=(X=2400.000 Y=900.000 Z=100.000) RuntimeGrid:None EditorOnly:0 RuntimeOnly:0 HLODRelevant:1 FolderPath:Cylinder FolderGuid:ECA4956E419DA4E5BAB7F389537BCB14
 |   |   |- [+] [ 31]
 |   |   |   |- Guid:660964DC441B0104AF90EFAD0F0D81AE BaseClass: NativeClass:/Script/Engine.RuntimeVirtualTextureVolume Name:RuntimeVirtualTextureVolume_UAID_00BE43BC52048D8301_1819468312 Label:Runtime Virtual Texture Volume SpatiallyLoaded:0 Bounds:IsValid=true, Min=(X=0.000 Y=-0.000 Z=-50.000), Max=(X=3000.000 Y=3500.000 Z=23.503) RuntimeGrid:None EditorOnly:0 RuntimeOnly:0 HLODRelevant:0
 |   |   |- [+] [ 32]
 |   |   |   |- Guid:BC42D9B9467E38655AFC6DB667A61ECA BaseClass: NativeClass:/Script/Engine.StaticMeshActor Name:StaticMeshActor_49 Label:SM_Cube11 SpatiallyLoaded:1 Bounds:IsValid=true, Min=(X=400.000 Y=2600.000 Z=0.000), Max=(X=700.000 Y=2900.000 Z=200.000) RuntimeGrid:None EditorOnly:0 RuntimeOnly:0 HLODRelevant:1 FolderPath:Block03 FolderGuid:8CD3949449A9ED1D3F209CA69A64B60F
 |   |   |- [+] [ 33]
 |   |   |   |- Guid:84A6C2C04177158166E2439E0CBAE730 BaseClass: NativeClass:/Script/Engine.StaticMeshActor Name:StaticMeshActor_35 Label:SM_Ramp SpatiallyLoaded:1 Bounds:IsValid=true, Min=(X=1300.000 Y=600.000 Z=0.000), Max=(X=1700.000 Y=800.000 Z=30.000) RuntimeGrid:None EditorOnly:0 RuntimeOnly:0 HLODRelevant:1
 |   |   |- [+] [ 34]
 |   |   |   |- Guid:901C748940C0D4AB214A8B8BF7D39AEC BaseClass: NativeClass:/Script/Engine.StaticMeshActor Name:StaticMeshActor_59 Label:SM_QuarterCylinder12 SpatiallyLoaded:1 Bounds:IsValid=true, Min=(X=2000.000 Y=700.000 Z=0.000), Max=(X=2200.000 Y=900.000 Z=100.000) RuntimeGrid:None EditorOnly:0 RuntimeOnly:0 HLODRelevant:1 FolderPath:Cylinder FolderGuid:ECA4956E419DA4E5BAB7F389537BCB14
 |   |   |- [+] [ 35]
 |   |   |   |- Guid:830FF81C457CA01C97438B95CD9DF038 BaseClass: NativeClass:/Script/Engine.StaticMeshActor Name:StaticMeshActor_34 Label:SM_ChamferCube SpatiallyLoaded:1 Bounds:IsValid=true, Min=(X=1100.000 Y=2000.000 Z=0.013), Max=(X=1200.000 Y=2100.000 Z=100.013) RuntimeGrid:None EditorOnly:0 RuntimeOnly:0 HLODRelevant:0
 |   |   |- [+] [ 36]
 |   |   |   |- Guid:B23C247D4E34A96052E563A19E79FA75 BaseClass: NativeClass:/Script/Engine.ExponentialHeightFog Name:ExponentialHeightFog_1 Label:ExponentialHeightFog SpatiallyLoaded:0 Bounds:IsValid=true, Min=(X=-5600.000 Y=-50.000 Z=-6850.000), Max=(X=-5600.000 Y=-50.000 Z=-6850.000) RuntimeGrid:None EditorOnly:0 RuntimeOnly:0 HLODRelevant:0 FolderPath:Lighting FolderGuid:08A10B054C95868C663DE39EE4343813
 |   |   |- [+] [ 37]
 |   |   |   |- Guid:723128A2477074C68D9A5EA484DF76A8 BaseClass: NativeClass:/Script/Engine.StaticMeshActor Name:StaticMeshActor_46 Label:SM_Cube9 SpatiallyLoaded:1 Bounds:IsValid=true, Min=(X=1800.000 Y=1500.000 Z=0.000), Max=(X=2000.000 Y=2200.000 Z=100.000) RuntimeGrid:None EditorOnly:0 RuntimeOnly:0 HLODRelevant:1 FolderPath:Block01 FolderGuid:98087B8444A89373CC4763B3845E270A
 |   |   |- [+] [ 38]
 |   |   |   |- Guid:174DF71143EA367D14F3838C26CC06DF BaseClass: NativeClass:/Script/Engine.SkyLight Name:SkyLight_0 Label:SkyLight SpatiallyLoaded:0 Bounds:IsValid=true, Min=(X=0.000 Y=0.000 Z=690.000), Max=(X=0.000 Y=0.000 Z=690.000) RuntimeGrid:None EditorOnly:0 RuntimeOnly:0 HLODRelevant:0 FolderPath:Lighting FolderGuid:08A10B054C95868C663DE39EE4343813
 |   |   |- [+] [ 39]
 |   |   |   |- Guid:A25F61BD4F2EE2C7409611810AC3BAD4 BaseClass: NativeClass:/Script/Engine.StaticMeshActor Name:StaticMeshActor_52 Label:SM_Cube12 SpatiallyLoaded:1 Bounds:IsValid=true, Min=(X=2500.000 Y=2700.000 Z=0.000), Max=(X=2600.000 Y=2800.000 Z=200.000) RuntimeGrid:None EditorOnly:0 RuntimeOnly:0 HLODRelevant:1 FolderPath:Block02 FolderGuid:5DDF0B274F9C8B2C5DABA1999B167516
 |   |   |- [+] [ 40]
 |   |   |   |- Guid:AA857C9F436500D6ED8E03A5806DCE50 BaseClass: NativeClass:/Script/Engine.StaticMeshActor Name:StaticMeshActor_44 Label:SM_Cube7 SpatiallyLoaded:1 Bounds:IsValid=true, Min=(X=1300.000 Y=2200.000 Z=0.000), Max=(X=1500.000 Y=2300.000 Z=200.000) RuntimeGrid:None EditorOnly:0 RuntimeOnly:0 HLODRelevant:1 FolderPath:Block01 FolderGuid:98087B8444A89373CC4763B3845E270A
 |   |   |- [+] [ 41]
 |   |   |   |- Guid:AE8AA01A4DE576B371C05FA79B282659 BaseClass: NativeClass:/Script/Engine.StaticMeshActor Name:StaticMeshActor_40 Label:SM_ChamferCube2 SpatiallyLoaded:1 Bounds:IsValid=true, Min=(X=992.077 Y=2692.077 Z=0.013), Max=(X=1107.923 Y=2807.923 Z=100.013) RuntimeGrid:None EditorOnly:0 RuntimeOnly:0 HLODRelevant:0
 |   |   |- [+] [ 42]
 |   |   |   |- Guid:22043D904138D0E50DB05FB74FCA2289 BaseClass: NativeClass:/Script/Engine.StaticMeshActor Name:StaticMeshActor_60 Label:SM_QuarterCylinder13 SpatiallyLoaded:1 Bounds:IsValid=true, Min=(X=2000.000 Y=500.000 Z=0.000), Max=(X=2200.000 Y=700.000 Z=100.000) RuntimeGrid:None EditorOnly:0 RuntimeOnly:0 HLODRelevant:1 FolderPath:Cylinder FolderGuid:ECA4956E419DA4E5BAB7F389537BCB14
 |   |   |- [+] [ 43]
 |   |   |   |- Guid:7B2A6829429D26532EB7C9B6CD614A3D BaseClass: NativeClass:/Script/Engine.StaticMeshActor Name:StaticMeshActor_UAID_1C1B0DE3C1D8217B01_1271661869 Label:Tree3_Cylinder5 SpatiallyLoaded:1 Bounds:IsValid=true, Min=(X=2731.324 Y=970.734 Z=139.390), Max=(X=2901.118 Y=1149.266 Z=566.879) RuntimeGrid:None EditorOnly:0 RuntimeOnly:0 HLODRelevant:1
 |   |   |- [+] [ 44]
 |   |   |   |- Guid:6059D7104DF0557CCD3072BD07E69ED0 BaseClass: NativeClass:/Script/Engine.StaticMeshActor Name:StaticMeshActor_UAID_00BE43BC5204908301_1219682844 Label:SM_Cube2 SpatiallyLoaded:1 Bounds:IsValid=true, Min=(X=0.000 Y=0.000 Z=-50.000), Max=(X=3000.000 Y=3500.000 Z=0.000) RuntimeGrid:None EditorOnly:0 RuntimeOnly:0 HLODRelevant:1 FolderPath:Playground FolderGuid:8CD33C9A4E75AD59B95486AC740693D6
 |- ContainerInstances:
 |- [+] MainContainer:
 |   |-        ID: 0x0000000000000000
 |   |-    Bounds: IsValid=false, Min=(X=0.000 Y=0.000 Z=0.000), Max=(X=0.000 Y=0.000 Z=0.000)
 |   |- Transform: 0.000000,0.000000,0.000000|0.000000,0.000000,-0.000000|1.000000,1.000000,1.000000
 |   |- Container: /Game/Levels/ColorDrainTest
----------------------------------------------------------------------------------------------------------------
ColorDrainTest - Persistent Level
----------------------------------------------------------------------------------------------------------------
Always loaded Actor Count: 56 

----------------------------------------------------------------------------------------------------------------
ColorDrainTest - Runtime Spatial Hash - Streaming Grid - MainGrid
----------------------------------------------------------------------------------------------------------------
            Origin: X=0.000 Y=0.000 Z=0.000
         Cell Size: 12800
      World Bounds: IsValid=false, Min=(X=0.000 Y=0.000 Z=0.000), Max=(X=0.000 Y=0.000 Z=0.000)
     Loading Range: 25600.00
Block Slow Loading: No
 ClientOnlyVisible: No

[+] Grid Levels: 1
 |- Level  0: Cell Count    0 | Cell Size   12800 | Actor Count    0 (0.0%)

[+] Content of Grid Level 0

