[+] Containers:
 |- [+] Container: /Game/Levels/ColorDrainTest2
 |   |- [+] ActorDescs:
 |   |   |- Guid:04EA06D14F49D299504DC1B1AED67D55 BaseClass: NativeClass:/Script/Engine.StaticMeshActor Name:StaticMeshActor_59 Label:SM_QuarterCylinder12 SpatiallyLoaded:1 Bounds:IsValid=true, Min=(X=2000.000 Y=700.000 Z=0.000), Max=(X=2200.000 Y=900.000 Z=100.000) RuntimeGrid:None EditorOnly:0 RuntimeOnly:0 HLODRelevant:1 FolderPath:Cylinder FolderGuid:ECA4956E419DA4E5BAB7F389537BCB14
 |   |   |- Guid:0A98EB75472F23DF4ED5A6BC1ED4B173 BaseClass: NativeClass:/Script/Engine.StaticMeshActor Name:StaticMeshActor_48 Label:SM_Cube10 SpatiallyLoaded:1 Bounds:IsValid=true, Min=(X=1800.000 Y=2100.000 Z=100.000), Max=(X=2000.000 Y=2200.000 Z=200.000) RuntimeGrid:None EditorOnly:0 RuntimeOnly:0 HLODRelevant:1 FolderPath:Block01 FolderGuid:98087B8444A89373CC4763B3845E270A
 |   |   |- Guid:0CE8C945464E0472D48943BDF8E853C1 BaseClass: NativeClass:/Script/Engine.StaticMeshActor Name:StaticMeshActor_49 Label:SM_Cube11 SpatiallyLoaded:1 Bounds:IsValid=true, Min=(X=400.000 Y=2600.000 Z=0.000), Max=(X=700.000 Y=2900.000 Z=200.000) RuntimeGrid:None EditorOnly:0 RuntimeOnly:0 HLODRelevant:1 FolderPath:Block03 FolderGuid:8CD3949449A9ED1D3F209CA69A64B60F
 |   |   |- Guid:0D50689040A6C2BA6E4B23A6CB19A637 BaseClass: NativeClass:/Script/Engine.VolumetricCloud Name:VolumetricCloud_1 Label:VolumetricCloud SpatiallyLoaded:0 Bounds:IsValid=true, Min=(X=0.000 Y=0.000 Z=820.000), Max=(X=0.000 Y=0.000 Z=820.000) RuntimeGrid:None EditorOnly:0 RuntimeOnly:0 HLODRelevant:0 FolderPath:Lighting FolderGuid:08A10B054C95868C663DE39EE4343813
 |   |   |- Guid:1697CF814D4BA7BFA9DF6C9F04CE4622 BaseClass: NativeClass:/Script/Engine.StaticMeshActor Name:StaticMeshActor_47 Label:SM_Ramp3 SpatiallyLoaded:1 Bounds:IsValid=true, Min=(X=1800.000 Y=1700.000 Z=100.000), Max=(X=2000.000 Y=2100.000 Z=200.000) RuntimeGrid:None EditorOnly:0 RuntimeOnly:0 HLODRelevant:1 FolderPath:Block01 FolderGuid:98087B8444A89373CC4763B3845E270A
 |   |   |- Guid:171A02A742672DD68FA86EB48AD7E42F BaseClass: NativeClass:/Script/Engine.StaticMeshActor Name:StaticMeshActor_58 Label:SM_QuarterCylinder11 SpatiallyLoaded:1 Bounds:IsValid=true, Min=(X=2200.000 Y=700.000 Z=0.000), Max=(X=2400.000 Y=900.000 Z=100.000) RuntimeGrid:None EditorOnly:0 RuntimeOnly:0 HLODRelevant:1 FolderPath:Cylinder FolderGuid:ECA4956E419DA4E5BAB7F389537BCB14
 |   |   |- Guid:190ACFA5429ECBCD94C916AB3BBBF20D BaseClass: NativeClass:/Script/Engine.StaticMeshActor Name:StaticMeshActor_61 Label:SM_QuarterCylinder14 SpatiallyLoaded:1 Bounds:IsValid=true, Min=(X=2200.000 Y=500.000 Z=0.000), Max=(X=2400.000 Y=700.000 Z=100.000) RuntimeGrid:None EditorOnly:0 RuntimeOnly:0 HLODRelevant:1 FolderPath:Cylinder FolderGuid:ECA4956E419DA4E5BAB7F389537BCB14
 |   |   |- Guid:1D35C9CA467DA47218BFD7A214FF6F77 BaseClass: NativeClass:/Script/Engine.StaticMeshActor Name:StaticMeshActor_UAID_1C1B0DE3C1D8217B01_1138611864 Label:Rock4 SpatiallyLoaded:1 Bounds:IsValid=true, Min=(X=460.637 Y=379.602 Z=-38.729), Max=(X=900.107 Y=829.925 Z=210.356) RuntimeGrid:None EditorOnly:0 RuntimeOnly:0 HLODRelevant:1
 |   |   |- Guid:2E660406457834D7436AAFB5123B8269 BaseClass: NativeClass:/Script/Engine.StaticMeshActor Name:StaticMeshActor_44 Label:SM_Cube7 SpatiallyLoaded:1 Bounds:IsValid=true, Min=(X=1300.000 Y=2200.000 Z=0.000), Max=(X=1500.000 Y=2300.000 Z=200.000) RuntimeGrid:None EditorOnly:0 RuntimeOnly:0 HLODRelevant:1 FolderPath:Block01 FolderGuid:98087B8444A89373CC4763B3845E270A
 |   |   |- Guid:319FD9CB4067066E561041A45A636A4B BaseClass: NativeClass:/Script/Engine.StaticMeshActor Name:StaticMeshActor_UAID_1C1B0DE3C1D8217B01_1230356866 Label:Tree3_Cylinder3 SpatiallyLoaded:1 Bounds:IsValid=true, Min=(X=2714.118 Y=1787.174 Z=127.024), Max=(X=2985.789 Y=2072.826 Z=811.006) RuntimeGrid:None EditorOnly:0 RuntimeOnly:0 HLODRelevant:1
 |   |   |- Guid:3CCA23B346F3D73592990EACC5C50707 BaseClass: NativeClass:/Script/Engine.StaticMeshActor Name:StaticMeshActor_UAID_1C1B0DE3C1D8187B01_1409948272 Label:Tree3_Cylinder SpatiallyLoaded:1 Bounds:IsValid=true, Min=(X=361.177 Y=1625.761 Z=-39.464), Max=(X=768.684 Y=2054.239 Z=986.510) RuntimeGrid:None EditorOnly:0 RuntimeOnly:0 HLODRelevant:1
 |   |   |- Guid:438C9B2A478FE6CEF7E94EB48418C81F BaseClass: NativeClass:/Script/Engine.StaticMeshActor Name:StaticMeshActor_UAID_1C1B0DE3C1D8217B01_1269315868 Label:Tree3_Cylinder4 SpatiallyLoaded:1 Bounds:IsValid=true, Min=(X=2656.912 Y=1253.614 Z=114.658), Max=(X=3030.460 Y=1646.386 Z=1055.134) RuntimeGrid:None EditorOnly:0 RuntimeOnly:0 HLODRelevant:1
 |   |   |- Guid:4A3322594E38B1A1D0F8E49FA24AA908 BaseClass: NativeClass:/Script/Engine.StaticMeshActor Name:StaticMeshActor_UAID_1C1B0DE3C1D8217B01_1245300867 Label:SM_Cube14 SpatiallyLoaded:1 Bounds:IsValid=true, Min=(X=2680.000 Y=920.000 Z=0.000), Max=(X=2980.000 Y=2120.000 Z=200.000) RuntimeGrid:None EditorOnly:0 RuntimeOnly:0 HLODRelevant:1 FolderPath:Block02 FolderGuid:5DDF0B274F9C8B2C5DABA1999B167516
 |   |   |- Guid:4EF071C3485966E344647A9AB6AA8741 BaseClass: NativeClass:/Script/Engine.StaticMeshActor Name:StaticMeshActor_50 Label:SM_QuarterCylinder SpatiallyLoaded:1 Bounds:IsValid=true, Min=(X=2500.000 Y=2800.000 Z=0.000), Max=(X=2600.000 Y=2900.000 Z=200.000) RuntimeGrid:None EditorOnly:0 RuntimeOnly:0 HLODRelevant:1 FolderPath:Block02 FolderGuid:5DDF0B274F9C8B2C5DABA1999B167516
 |   |   |- Guid:5102A3D244AFE524BFB678BDAF0E2E16 BaseClass: NativeClass:/Script/Engine.StaticMeshActor Name:StaticMeshActor_39 Label:SM_Ramp2 SpatiallyLoaded:1 Bounds:IsValid=true, Min=(X=1400.000 Y=1500.000 Z=0.000), Max=(X=1800.000 Y=1700.000 Z=100.000) RuntimeGrid:None EditorOnly:0 RuntimeOnly:0 HLODRelevant:1 FolderPath:Block01 FolderGuid:98087B8444A89373CC4763B3845E270A
 |   |   |- Guid:5FA4875F4794B4A7664B7999B207DEB2 BaseClass: NativeClass:/Script/Engine.StaticMeshActor Name:StaticMeshActor_40 Label:SM_ChamferCube2 SpatiallyLoaded:1 Bounds:IsValid=true, Min=(X=992.077 Y=2692.077 Z=0.013), Max=(X=1107.923 Y=2807.923 Z=100.013) RuntimeGrid:None EditorOnly:0 RuntimeOnly:0 HLODRelevant:0
 |   |   |- Guid:68A49C854EC333FE3A7010B330DF99A4 BaseClass: NativeClass:/Script/Engine.StaticMeshActor Name:StaticMeshActor_UAID_1C1B0DE3C1D8217B01_1271661869 Label:Tree3_Cylinder5 SpatiallyLoaded:1 Bounds:IsValid=true, Min=(X=2731.324 Y=970.734 Z=139.390), Max=(X=2901.118 Y=1149.266 Z=566.879) RuntimeGrid:None EditorOnly:0 RuntimeOnly:0 HLODRelevant:1
 |   |   |- Guid:69B66B2C4E23EACE76FE1A90C81C52D4 BaseClass: NativeClass:/Script/Engine.StaticMeshActor Name:StaticMeshActor_UAID_1C1B0DE3C1D8217B01_1081313863 Label:Rock3 SpatiallyLoaded:1 Bounds:IsValid=true, Min=(X=260.277 Y=161.822 Z=-38.729), Max=(X=616.467 Y=499.854 Z=210.356) RuntimeGrid:None EditorOnly:0 RuntimeOnly:0 HLODRelevant:1
 |   |   |- Guid:73412E6547B9ED918A98FDBFF971A421 BaseClass: NativeClass:/Script/Engine.StaticMeshActor Name:StaticMeshActor_57 Label:SM_QuarterCylinder6 SpatiallyLoaded:1 Bounds:IsValid=true, Min=(X=1200.000 Y=2200.000 Z=0.000), Max=(X=1300.000 Y=2300.000 Z=200.000) RuntimeGrid:None EditorOnly:0 RuntimeOnly:0 HLODRelevant:1 FolderPath:Block01 FolderGuid:98087B8444A89373CC4763B3845E270A
 |   |   |- Guid:77BDA3A7495F991EDEDBC78223BE09B0 BaseClass: NativeClass:/Script/Engine.StaticMeshActor Name:StaticMeshActor_53 Label:SM_QuarterCylinder3 SpatiallyLoaded:1 Bounds:IsValid=true, Min=(X=1500.000 Y=2200.000 Z=0.000), Max=(X=1600.000 Y=2300.000 Z=200.000) RuntimeGrid:None EditorOnly:0 RuntimeOnly:0 HLODRelevant:1 FolderPath:Block01 FolderGuid:98087B8444A89373CC4763B3845E270A
 |   |   |- Guid:83B2207A455D738E22AECC9FF3C696A5 BaseClass: NativeClass:/Script/Engine.StaticMeshActor Name:StaticMeshActor_UAID_A4AE111137DC5EFB00_1594956423 Label:SM_SkySphere SpatiallyLoaded:0 Bounds:IsValid=true, Min=(X=-1638400.000 Y=-1638400.000 Z=-1638400.000), Max=(X=1638400.000 Y=1638400.000 Z=1638400.000) RuntimeGrid:None EditorOnly:0 RuntimeOnly:0 HLODRelevant:1 FolderPath:Lighting FolderGuid:08A10B054C95868C663DE39EE4343813
 |   |   |- Guid:8D4F8C664BCC4102D9F5908A986E8AB1 BaseClass: NativeClass:/Script/Engine.StaticMeshActor Name:StaticMeshActor_52 Label:SM_Cube12 SpatiallyLoaded:1 Bounds:IsValid=true, Min=(X=2500.000 Y=2700.000 Z=0.000), Max=(X=2600.000 Y=2800.000 Z=200.000) RuntimeGrid:None EditorOnly:0 RuntimeOnly:0 HLODRelevant:1 FolderPath:Block02 FolderGuid:5DDF0B274F9C8B2C5DABA1999B167516
 |   |   |- Guid:9763E3FA41223F60D8EC5D83EC1732D8 BaseClass: NativeClass:/Script/Engine.ExponentialHeightFog Name:ExponentialHeightFog_1 Label:ExponentialHeightFog SpatiallyLoaded:0 Bounds:IsValid=true, Min=(X=-5600.000 Y=-50.000 Z=-6850.000), Max=(X=-5600.000 Y=-50.000 Z=-6850.000) RuntimeGrid:None EditorOnly:0 RuntimeOnly:0 HLODRelevant:0 FolderPath:Lighting FolderGuid:08A10B054C95868C663DE39EE4343813
 |   |   |- Guid:9ABA53434731B8106DFBFFA340C92860 BaseClass: NativeClass:/Script/Engine.PostProcessVolume Name:PostProcessVolume_0 Label:PostProcessVolume SpatiallyLoaded:0 Bounds:IsValid=true, Min=(X=0.000 Y=0.000 Z=400.000), Max=(X=200.000 Y=200.000 Z=600.000) RuntimeGrid:None EditorOnly:0 RuntimeOnly:0 HLODRelevant:0 FolderPath:Lighting FolderGuid:08A10B054C95868C663DE39EE4343813
 |   |   |- Guid:9E8CA2B84588094431EFFE9EAF9CB5EE BaseClass: NativeClass:/Script/Engine.StaticMeshActor Name:StaticMeshActor_UAID_1C1B0DE3C1D8217B01_1159074865 Label:Rock5 SpatiallyLoaded:1 Bounds:IsValid=true, Min=(X=151.822 Y=453.533 Z=-38.729), Max=(X=489.854 Y=809.723 Z=210.356) RuntimeGrid:None EditorOnly:0 RuntimeOnly:0 HLODRelevant:1
 |   |   |- Guid:A28852574F70E01541B903B6179AC638 BaseClass: NativeClass:/Script/Engine.StaticMeshActor Name:StaticMeshActor_55 Label:SM_QuarterCylinder5 SpatiallyLoaded:1 Bounds:IsValid=true, Min=(X=300.000 Y=2800.000 Z=0.000), Max=(X=400.000 Y=2900.000 Z=200.000) RuntimeGrid:None EditorOnly:0 RuntimeOnly:0 HLODRelevant:1 FolderPath:Block03 FolderGuid:8CD3949449A9ED1D3F209CA69A64B60F
 |   |   |- Guid:AD65598C437FBDCEB4C593BDB1DDA604 BaseClass: NativeClass:/Script/Engine.StaticMeshActor Name:StaticMeshActor_35 Label:SM_Ramp SpatiallyLoaded:1 Bounds:IsValid=true, Min=(X=1300.000 Y=600.000 Z=0.000), Max=(X=1700.000 Y=800.000 Z=30.000) RuntimeGrid:None EditorOnly:0 RuntimeOnly:0 HLODRelevant:1
 |   |   |- Guid:AE6FC05A40C21A40809FEB895B142E3A BaseClass: NativeClass:/Script/Engine.StaticMeshActor Name:StaticMeshActor_51 Label:SM_QuarterCylinder2 SpatiallyLoaded:1 Bounds:IsValid=true, Min=(X=2500.000 Y=2600.000 Z=0.000), Max=(X=2600.000 Y=2700.000 Z=200.000) RuntimeGrid:None EditorOnly:0 RuntimeOnly:0 HLODRelevant:1 FolderPath:Block02 FolderGuid:5DDF0B274F9C8B2C5DABA1999B167516
 |   |   |- Guid:B642B1554C532F1B7AF35EB4FFAA72AA BaseClass:/Game/Blueprints/BP_ColorGem.BP_ColorGem_C NativeClass:/Script/Engine.Actor Name:BP_ColorGem_C_UAID_00BE43BC58AE2D8601_1979133586 Label:BP_ColorGem SpatiallyLoaded:1 Bounds:IsValid=true, Min=(X=1394.000 Y=1844.000 Z=184.000), Max=(X=1586.000 Y=2036.000 Z=376.000) RuntimeGrid:None EditorOnly:0 RuntimeOnly:0 HLODRelevant:0
 |   |   |- Guid:B69456E540EE781B79B2F1B9991E0EC5 BaseClass: NativeClass:/Script/Engine.WorldDataLayers Name:WorldDataLayers Label:WorldDataLayers-1 SpatiallyLoaded:0 Bounds:IsValid=true, Min=(X=0.000 Y=0.000 Z=0.000), Max=(X=0.000 Y=0.000 Z=0.000) RuntimeGrid:None EditorOnly:0 RuntimeOnly:0 HLODRelevant:0
 |   |   |- Guid:BA0C816343730EEFEF0C0499E6ED17F1 BaseClass: NativeClass:/Script/Engine.StaticMeshActor Name:StaticMeshActor_34 Label:SM_ChamferCube SpatiallyLoaded:1 Bounds:IsValid=true, Min=(X=1100.000 Y=2000.000 Z=0.013), Max=(X=1200.000 Y=2100.000 Z=100.013) RuntimeGrid:None EditorOnly:0 RuntimeOnly:0 HLODRelevant:0
 |   |   |- Guid:D5942E684C774D4601B5649DFE35D096 BaseClass: NativeClass:/Script/Engine.DirectionalLight Name:DirectionalLight_1 Label:DirectionalLight SpatiallyLoaded:0 Bounds:IsValid=true, Min=(X=-4398046511104.000 Y=-4398046511104.000 Z=-4398046511104.000), Max=(X=4398046511104.000 Y=4398046511104.000 Z=4398046511104.000) RuntimeGrid:None EditorOnly:0 RuntimeOnly:0 HLODRelevant:0 FolderPath:Lighting FolderGuid:08A10B054C95868C663DE39EE4343813
 |   |   |- Guid:D9BE4D2D4822473CC55FA8918A259A36 BaseClass: NativeClass:/Script/Engine.StaticMeshActor Name:StaticMeshActor_56 Label:SM_Cube13 SpatiallyLoaded:1 Bounds:IsValid=true, Min=(X=300.000 Y=2700.000 Z=0.000), Max=(X=400.000 Y=2800.000 Z=200.000) RuntimeGrid:None EditorOnly:0 RuntimeOnly:0 HLODRelevant:1 FolderPath:Block03 FolderGuid:8CD3949449A9ED1D3F209CA69A64B60F
 |   |   |- Guid:DB6E402A4D78530F677E298805A21264 BaseClass: NativeClass:/Script/Engine.StaticMeshActor Name:StaticMeshActor_46 Label:SM_Cube9 SpatiallyLoaded:1 Bounds:IsValid=true, Min=(X=1800.000 Y=1500.000 Z=0.000), Max=(X=2000.000 Y=2200.000 Z=100.000) RuntimeGrid:None EditorOnly:0 RuntimeOnly:0 HLODRelevant:1 FolderPath:Block01 FolderGuid:98087B8444A89373CC4763B3845E270A
 |   |   |- Guid:DB8C0CDC462C21FE7BF52A903687B2D2 BaseClass: NativeClass:/Script/Engine.SkyAtmosphere Name:SkyAtmosphere_1 Label:SkyAtmosphere SpatiallyLoaded:0 Bounds:IsValid=true, Min=(X=0.000 Y=0.000 Z=1020.000), Max=(X=0.000 Y=0.000 Z=1020.000) RuntimeGrid:None EditorOnly:0 RuntimeOnly:0 HLODRelevant:0 FolderPath:Lighting FolderGuid:08A10B054C95868C663DE39EE4343813
 |   |   |- Guid:DC8748784AA3D3A962E17F9B9C741EB3 BaseClass: NativeClass:/Script/Engine.StaticMeshActor Name:StaticMeshActor_60 Label:SM_QuarterCylinder13 SpatiallyLoaded:1 Bounds:IsValid=true, Min=(X=2000.000 Y=500.000 Z=0.000), Max=(X=2200.000 Y=700.000 Z=100.000) RuntimeGrid:None EditorOnly:0 RuntimeOnly:0 HLODRelevant:1 FolderPath:Cylinder FolderGuid:ECA4956E419DA4E5BAB7F389537BCB14
 |   |   |- Guid:E234EE4F43B1D39636A8A1BD4429AEF3 BaseClass: NativeClass:/Script/Engine.StaticMeshActor Name:StaticMeshActor_33 Label:SM_Cube SpatiallyLoaded:1 Bounds:IsValid=true, Min=(X=0.000 Y=-0.000 Z=-50.000), Max=(X=3000.000 Y=3500.000 Z=0.000) RuntimeGrid:None EditorOnly:0 RuntimeOnly:0 HLODRelevant:1 FolderPath:Playground FolderGuid:8CD33C9A4E75AD59B95486AC740693D6
 |   |   |- Guid:E69056FF4FB7B1B396C71EA37B58C6AB BaseClass: NativeClass:/Script/Engine.RuntimeVirtualTextureVolume Name:RuntimeVirtualTextureVolume_UAID_00BE43BC52048D8301_1819468312 Label:Runtime Virtual Texture Volume SpatiallyLoaded:0 Bounds:IsValid=true, Min=(X=0.000 Y=-0.000 Z=-42.058), Max=(X=3000.000 Y=3500.000 Z=457.942) RuntimeGrid:None EditorOnly:0 RuntimeOnly:0 HLODRelevant:0
 |   |   |- Guid:E779953B404C864C4F3C219B9CDB2D02 BaseClass: NativeClass:/Script/Engine.StaticMeshActor Name:StaticMeshActor_54 Label:SM_QuarterCylinder4 SpatiallyLoaded:1 Bounds:IsValid=true, Min=(X=300.000 Y=2600.000 Z=0.000), Max=(X=400.000 Y=2700.000 Z=200.000) RuntimeGrid:None EditorOnly:0 RuntimeOnly:0 HLODRelevant:1 FolderPath:Block03 FolderGuid:8CD3949449A9ED1D3F209CA69A64B60F
 |   |   |- Guid:ED4BC5F046B646267490778AF8E560E5 BaseClass: NativeClass:/Script/Engine.StaticMeshActor Name:StaticMeshActor_45 Label:SM_Cube8 SpatiallyLoaded:1 Bounds:IsValid=true, Min=(X=1300.000 Y=2600.000 Z=0.000), Max=(X=2500.000 Y=2900.000 Z=200.000) RuntimeGrid:None EditorOnly:0 RuntimeOnly:0 HLODRelevant:1 FolderPath:Block02 FolderGuid:5DDF0B274F9C8B2C5DABA1999B167516
 |   |   |- Guid:F6A36C124A913FC6046AA391C75F7EFD BaseClass: NativeClass:/Script/Engine.SkyLight Name:SkyLight_0 Label:SkyLight SpatiallyLoaded:0 Bounds:IsValid=true, Min=(X=0.000 Y=0.000 Z=690.000), Max=(X=0.000 Y=0.000 Z=690.000) RuntimeGrid:None EditorOnly:0 RuntimeOnly:0 HLODRelevant:0 FolderPath:Lighting FolderGuid:08A10B054C95868C663DE39EE4343813
 |   |   |- Guid:F9D9EB704A8F97A7EC08CEA9A9B5EFB1 BaseClass: NativeClass:/Script/Engine.StaticMeshActor Name:StaticMeshActor_38 Label:SM_Cube4 SpatiallyLoaded:1 Bounds:IsValid=true, Min=(X=1200.000 Y=1700.000 Z=0.000), Max=(X=1800.000 Y=2200.000 Z=200.000) RuntimeGrid:None EditorOnly:0 RuntimeOnly:0 HLODRelevant:1 FolderPath:Block01 FolderGuid:98087B8444A89373CC4763B3845E270A
 |   |   |- Guid:FE778B434E69CB4DA27C1AB4E7AC5FE9 BaseClass: NativeClass:/Script/Engine.StaticMeshActor Name:StaticMeshActor_41 Label:SM_ChamferCube3 SpatiallyLoaded:1 Bounds:IsValid=true, Min=(X=481.699 Y=2271.699 Z=0.013), Max=(X=618.301 Y=2408.301 Z=100.013) RuntimeGrid:None EditorOnly:0 RuntimeOnly:0 HLODRelevant:0
 |   |- [+] Clusters:
 |   |   |- [+] [  0]
 |   |   |   |- Guid:B69456E540EE781B79B2F1B9991E0EC5 BaseClass: NativeClass:/Script/Engine.WorldDataLayers Name:WorldDataLayers Label:WorldDataLayers-1 SpatiallyLoaded:0 Bounds:IsValid=true, Min=(X=0.000 Y=0.000 Z=0.000), Max=(X=0.000 Y=0.000 Z=0.000) RuntimeGrid:None EditorOnly:0 RuntimeOnly:0 HLODRelevant:0
 |   |   |- [+] [  1]
 |   |   |   |- Guid:4EF071C3485966E344647A9AB6AA8741 BaseClass: NativeClass:/Script/Engine.StaticMeshActor Name:StaticMeshActor_50 Label:SM_QuarterCylinder SpatiallyLoaded:1 Bounds:IsValid=true, Min=(X=2500.000 Y=2800.000 Z=0.000), Max=(X=2600.000 Y=2900.000 Z=200.000) RuntimeGrid:None EditorOnly:0 RuntimeOnly:0 HLODRelevant:1 FolderPath:Block02 FolderGuid:5DDF0B274F9C8B2C5DABA1999B167516
 |   |   |- [+] [  2]
 |   |   |   |- Guid:4A3322594E38B1A1D0F8E49FA24AA908 BaseClass: NativeClass:/Script/Engine.StaticMeshActor Name:StaticMeshActor_UAID_1C1B0DE3C1D8217B01_1245300867 Label:SM_Cube14 SpatiallyLoaded:1 Bounds:IsValid=true, Min=(X=2680.000 Y=920.000 Z=0.000), Max=(X=2980.000 Y=2120.000 Z=200.000) RuntimeGrid:None EditorOnly:0 RuntimeOnly:0 HLODRelevant:1 FolderPath:Block02 FolderGuid:5DDF0B274F9C8B2C5DABA1999B167516
 |   |   |- [+] [  3]
 |   |   |   |- Guid:A28852574F70E01541B903B6179AC638 BaseClass: NativeClass:/Script/Engine.StaticMeshActor Name:StaticMeshActor_55 Label:SM_QuarterCylinder5 SpatiallyLoaded:1 Bounds:IsValid=true, Min=(X=300.000 Y=2800.000 Z=0.000), Max=(X=400.000 Y=2900.000 Z=200.000) RuntimeGrid:None EditorOnly:0 RuntimeOnly:0 HLODRelevant:1 FolderPath:Block03 FolderGuid:8CD3949449A9ED1D3F209CA69A64B60F
 |   |   |- [+] [  4]
 |   |   |   |- Guid:9E8CA2B84588094431EFFE9EAF9CB5EE BaseClass: NativeClass:/Script/Engine.StaticMeshActor Name:StaticMeshActor_UAID_1C1B0DE3C1D8217B01_1159074865 Label:Rock5 SpatiallyLoaded:1 Bounds:IsValid=true, Min=(X=151.822 Y=453.533 Z=-38.729), Max=(X=489.854 Y=809.723 Z=210.356) RuntimeGrid:None EditorOnly:0 RuntimeOnly:0 HLODRelevant:1
 |   |   |- [+] [  5]
 |   |   |   |- Guid:9763E3FA41223F60D8EC5D83EC1732D8 BaseClass: NativeClass:/Script/Engine.ExponentialHeightFog Name:ExponentialHeightFog_1 Label:ExponentialHeightFog SpatiallyLoaded:0 Bounds:IsValid=true, Min=(X=-5600.000 Y=-50.000 Z=-6850.000), Max=(X=-5600.000 Y=-50.000 Z=-6850.000) RuntimeGrid:None EditorOnly:0 RuntimeOnly:0 HLODRelevant:0 FolderPath:Lighting FolderGuid:08A10B054C95868C663DE39EE4343813
 |   |   |- [+] [  6]
 |   |   |   |- Guid:83B2207A455D738E22AECC9FF3C696A5 BaseClass: NativeClass:/Script/Engine.StaticMeshActor Name:StaticMeshActor_UAID_A4AE111137DC5EFB00_1594956423 Label:SM_SkySphere SpatiallyLoaded:0 Bounds:IsValid=true, Min=(X=-1638400.000 Y=-1638400.000 Z=-1638400.000), Max=(X=1638400.000 Y=1638400.000 Z=1638400.000) RuntimeGrid:None EditorOnly:0 RuntimeOnly:0 HLODRelevant:1 FolderPath:Lighting FolderGuid:08A10B054C95868C663DE39EE4343813
 |   |   |- [+] [  7]
 |   |   |   |- Guid:E779953B404C864C4F3C219B9CDB2D02 BaseClass: NativeClass:/Script/Engine.StaticMeshActor Name:StaticMeshActor_54 Label:SM_QuarterCylinder4 SpatiallyLoaded:1 Bounds:IsValid=true, Min=(X=300.000 Y=2600.000 Z=0.000), Max=(X=400.000 Y=2700.000 Z=200.000) RuntimeGrid:None EditorOnly:0 RuntimeOnly:0 HLODRelevant:1 FolderPath:Block03 FolderGuid:8CD3949449A9ED1D3F209CA69A64B60F
 |   |   |- [+] [  8]
 |   |   |   |- Guid:1D35C9CA467DA47218BFD7A214FF6F77 BaseClass: NativeClass:/Script/Engine.StaticMeshActor Name:StaticMeshActor_UAID_1C1B0DE3C1D8217B01_1138611864 Label:Rock4 SpatiallyLoaded:1 Bounds:IsValid=true, Min=(X=460.637 Y=379.602 Z=-38.729), Max=(X=900.107 Y=829.925 Z=210.356) RuntimeGrid:None EditorOnly:0 RuntimeOnly:0 HLODRelevant:1
 |   |   |- [+] [  9]
 |   |   |   |- Guid:DB6E402A4D78530F677E298805A21264 BaseClass: NativeClass:/Script/Engine.StaticMeshActor Name:StaticMeshActor_46 Label:SM_Cube9 SpatiallyLoaded:1 Bounds:IsValid=true, Min=(X=1800.000 Y=1500.000 Z=0.000), Max=(X=2000.000 Y=2200.000 Z=100.000) RuntimeGrid:None EditorOnly:0 RuntimeOnly:0 HLODRelevant:1 FolderPath:Block01 FolderGuid:98087B8444A89373CC4763B3845E270A
 |   |   |- [+] [ 10]
 |   |   |   |- Guid:73412E6547B9ED918A98FDBFF971A421 BaseClass: NativeClass:/Script/Engine.StaticMeshActor Name:StaticMeshActor_57 Label:SM_QuarterCylinder6 SpatiallyLoaded:1 Bounds:IsValid=true, Min=(X=1200.000 Y=2200.000 Z=0.000), Max=(X=1300.000 Y=2300.000 Z=200.000) RuntimeGrid:None EditorOnly:0 RuntimeOnly:0 HLODRelevant:1 FolderPath:Block01 FolderGuid:98087B8444A89373CC4763B3845E270A
 |   |   |- [+] [ 11]
 |   |   |   |- Guid:E69056FF4FB7B1B396C71EA37B58C6AB BaseClass: NativeClass:/Script/Engine.RuntimeVirtualTextureVolume Name:RuntimeVirtualTextureVolume_UAID_00BE43BC52048D8301_1819468312 Label:Runtime Virtual Texture Volume SpatiallyLoaded:0 Bounds:IsValid=true, Min=(X=0.000 Y=-0.000 Z=-42.058), Max=(X=3000.000 Y=3500.000 Z=457.942) RuntimeGrid:None EditorOnly:0 RuntimeOnly:0 HLODRelevant:0
 |   |   |- [+] [ 12]
 |   |   |   |- Guid:0D50689040A6C2BA6E4B23A6CB19A637 BaseClass: NativeClass:/Script/Engine.VolumetricCloud Name:VolumetricCloud_1 Label:VolumetricCloud SpatiallyLoaded:0 Bounds:IsValid=true, Min=(X=0.000 Y=0.000 Z=820.000), Max=(X=0.000 Y=0.000 Z=820.000) RuntimeGrid:None EditorOnly:0 RuntimeOnly:0 HLODRelevant:0 FolderPath:Lighting FolderGuid:08A10B054C95868C663DE39EE4343813
 |   |   |- [+] [ 13]
 |   |   |   |- Guid:0CE8C945464E0472D48943BDF8E853C1 BaseClass: NativeClass:/Script/Engine.StaticMeshActor Name:StaticMeshActor_49 Label:SM_Cube11 SpatiallyLoaded:1 Bounds:IsValid=true, Min=(X=400.000 Y=2600.000 Z=0.000), Max=(X=700.000 Y=2900.000 Z=200.000) RuntimeGrid:None EditorOnly:0 RuntimeOnly:0 HLODRelevant:1 FolderPath:Block03 FolderGuid:8CD3949449A9ED1D3F209CA69A64B60F
 |   |   |- [+] [ 14]
 |   |   |   |- Guid:0A98EB75472F23DF4ED5A6BC1ED4B173 BaseClass: NativeClass:/Script/Engine.StaticMeshActor Name:StaticMeshActor_48 Label:SM_Cube10 SpatiallyLoaded:1 Bounds:IsValid=true, Min=(X=1800.000 Y=2100.000 Z=100.000), Max=(X=2000.000 Y=2200.000 Z=200.000) RuntimeGrid:None EditorOnly:0 RuntimeOnly:0 HLODRelevant:1 FolderPath:Block01 FolderGuid:98087B8444A89373CC4763B3845E270A
 |   |   |- [+] [ 15]
 |   |   |   |- Guid:FE778B434E69CB4DA27C1AB4E7AC5FE9 BaseClass: NativeClass:/Script/Engine.StaticMeshActor Name:StaticMeshActor_41 Label:SM_ChamferCube3 SpatiallyLoaded:1 Bounds:IsValid=true, Min=(X=481.699 Y=2271.699 Z=0.013), Max=(X=618.301 Y=2408.301 Z=100.013) RuntimeGrid:None EditorOnly:0 RuntimeOnly:0 HLODRelevant:0
 |   |   |- [+] [ 16]
 |   |   |   |- Guid:3CCA23B346F3D73592990EACC5C50707 BaseClass: NativeClass:/Script/Engine.StaticMeshActor Name:StaticMeshActor_UAID_1C1B0DE3C1D8187B01_1409948272 Label:Tree3_Cylinder SpatiallyLoaded:1 Bounds:IsValid=true, Min=(X=361.177 Y=1625.761 Z=-39.464), Max=(X=768.684 Y=2054.239 Z=986.510) RuntimeGrid:None EditorOnly:0 RuntimeOnly:0 HLODRelevant:1
 |   |   |- [+] [ 17]
 |   |   |   |- Guid:F6A36C124A913FC6046AA391C75F7EFD BaseClass: NativeClass:/Script/Engine.SkyLight Name:SkyLight_0 Label:SkyLight SpatiallyLoaded:0 Bounds:IsValid=true, Min=(X=0.000 Y=0.000 Z=690.000), Max=(X=0.000 Y=0.000 Z=690.000) RuntimeGrid:None EditorOnly:0 RuntimeOnly:0 HLODRelevant:0 FolderPath:Lighting FolderGuid:08A10B054C95868C663DE39EE4343813
 |   |   |- [+] [ 18]
 |   |   |   |- Guid:5FA4875F4794B4A7664B7999B207DEB2 BaseClass: NativeClass:/Script/Engine.StaticMeshActor Name:StaticMeshActor_40 Label:SM_ChamferCube2 SpatiallyLoaded:1 Bounds:IsValid=true, Min=(X=992.077 Y=2692.077 Z=0.013), Max=(X=1107.923 Y=2807.923 Z=100.013) RuntimeGrid:None EditorOnly:0 RuntimeOnly:0 HLODRelevant:0
 |   |   |- [+] [ 19]
 |   |   |   |- Guid:DB8C0CDC462C21FE7BF52A903687B2D2 BaseClass: NativeClass:/Script/Engine.SkyAtmosphere Name:SkyAtmosphere_1 Label:SkyAtmosphere SpatiallyLoaded:0 Bounds:IsValid=true, Min=(X=0.000 Y=0.000 Z=1020.000), Max=(X=0.000 Y=0.000 Z=1020.000) RuntimeGrid:None EditorOnly:0 RuntimeOnly:0 HLODRelevant:0 FolderPath:Lighting FolderGuid:08A10B054C95868C663DE39EE4343813
 |   |   |- [+] [ 20]
 |   |   |   |- Guid:BA0C816343730EEFEF0C0499E6ED17F1 BaseClass: NativeClass:/Script/Engine.StaticMeshActor Name:StaticMeshActor_34 Label:SM_ChamferCube SpatiallyLoaded:1 Bounds:IsValid=true, Min=(X=1100.000 Y=2000.000 Z=0.013), Max=(X=1200.000 Y=2100.000 Z=100.013) RuntimeGrid:None EditorOnly:0 RuntimeOnly:0 HLODRelevant:0
 |   |   |- [+] [ 21]
 |   |   |   |- Guid:F9D9EB704A8F97A7EC08CEA9A9B5EFB1 BaseClass: NativeClass:/Script/Engine.StaticMeshActor Name:StaticMeshActor_38 Label:SM_Cube4 SpatiallyLoaded:1 Bounds:IsValid=true, Min=(X=1200.000 Y=1700.000 Z=0.000), Max=(X=1800.000 Y=2200.000 Z=200.000) RuntimeGrid:None EditorOnly:0 RuntimeOnly:0 HLODRelevant:1 FolderPath:Block01 FolderGuid:98087B8444A89373CC4763B3845E270A
 |   |   |- [+] [ 22]
 |   |   |   |- Guid:2E660406457834D7436AAFB5123B8269 BaseClass: NativeClass:/Script/Engine.StaticMeshActor Name:StaticMeshActor_44 Label:SM_Cube7 SpatiallyLoaded:1 Bounds:IsValid=true, Min=(X=1300.000 Y=2200.000 Z=0.000), Max=(X=1500.000 Y=2300.000 Z=200.000) RuntimeGrid:None EditorOnly:0 RuntimeOnly:0 HLODRelevant:1 FolderPath:Block01 FolderGuid:98087B8444A89373CC4763B3845E270A
 |   |   |- [+] [ 23]
 |   |   |   |- Guid:1697CF814D4BA7BFA9DF6C9F04CE4622 BaseClass: NativeClass:/Script/Engine.StaticMeshActor Name:StaticMeshActor_47 Label:SM_Ramp3 SpatiallyLoaded:1 Bounds:IsValid=true, Min=(X=1800.000 Y=1700.000 Z=100.000), Max=(X=2000.000 Y=2100.000 Z=200.000) RuntimeGrid:None EditorOnly:0 RuntimeOnly:0 HLODRelevant:1 FolderPath:Block01 FolderGuid:98087B8444A89373CC4763B3845E270A
 |   |   |- [+] [ 24]
 |   |   |   |- Guid:AD65598C437FBDCEB4C593BDB1DDA604 BaseClass: NativeClass:/Script/Engine.StaticMeshActor Name:StaticMeshActor_35 Label:SM_Ramp SpatiallyLoaded:1 Bounds:IsValid=true, Min=(X=1300.000 Y=600.000 Z=0.000), Max=(X=1700.000 Y=800.000 Z=30.000) RuntimeGrid:None EditorOnly:0 RuntimeOnly:0 HLODRelevant:1
 |   |   |- [+] [ 25]
 |   |   |   |- Guid:319FD9CB4067066E561041A45A636A4B BaseClass: NativeClass:/Script/Engine.StaticMeshActor Name:StaticMeshActor_UAID_1C1B0DE3C1D8217B01_1230356866 Label:Tree3_Cylinder3 SpatiallyLoaded:1 Bounds:IsValid=true, Min=(X=2714.118 Y=1787.174 Z=127.024), Max=(X=2985.789 Y=2072.826 Z=811.006) RuntimeGrid:None EditorOnly:0 RuntimeOnly:0 HLODRelevant:1
 |   |   |- [+] [ 26]
 |   |   |   |- Guid:ED4BC5F046B646267490778AF8E560E5 BaseClass: NativeClass:/Script/Engine.StaticMeshActor Name:StaticMeshActor_45 Label:SM_Cube8 SpatiallyLoaded:1 Bounds:IsValid=true, Min=(X=1300.000 Y=2600.000 Z=0.000), Max=(X=2500.000 Y=2900.000 Z=200.000) RuntimeGrid:None EditorOnly:0 RuntimeOnly:0 HLODRelevant:1 FolderPath:Block02 FolderGuid:5DDF0B274F9C8B2C5DABA1999B167516
 |   |   |- [+] [ 27]
 |   |   |   |- Guid:D9BE4D2D4822473CC55FA8918A259A36 BaseClass: NativeClass:/Script/Engine.StaticMeshActor Name:StaticMeshActor_56 Label:SM_Cube13 SpatiallyLoaded:1 Bounds:IsValid=true, Min=(X=300.000 Y=2700.000 Z=0.000), Max=(X=400.000 Y=2800.000 Z=200.000) RuntimeGrid:None EditorOnly:0 RuntimeOnly:0 HLODRelevant:1 FolderPath:Block03 FolderGuid:8CD3949449A9ED1D3F209CA69A64B60F
 |   |   |- [+] [ 28]
 |   |   |   |- Guid:190ACFA5429ECBCD94C916AB3BBBF20D BaseClass: NativeClass:/Script/Engine.StaticMeshActor Name:StaticMeshActor_61 Label:SM_QuarterCylinder14 SpatiallyLoaded:1 Bounds:IsValid=true, Min=(X=2200.000 Y=500.000 Z=0.000), Max=(X=2400.000 Y=700.000 Z=100.000) RuntimeGrid:None EditorOnly:0 RuntimeOnly:0 HLODRelevant:1 FolderPath:Cylinder FolderGuid:ECA4956E419DA4E5BAB7F389537BCB14
 |   |   |- [+] [ 29]
 |   |   |   |- Guid:9ABA53434731B8106DFBFFA340C92860 BaseClass: NativeClass:/Script/Engine.PostProcessVolume Name:PostProcessVolume_0 Label:PostProcessVolume SpatiallyLoaded:0 Bounds:IsValid=true, Min=(X=0.000 Y=0.000 Z=400.000), Max=(X=200.000 Y=200.000 Z=600.000) RuntimeGrid:None EditorOnly:0 RuntimeOnly:0 HLODRelevant:0 FolderPath:Lighting FolderGuid:08A10B054C95868C663DE39EE4343813
 |   |   |- [+] [ 30]
 |   |   |   |- Guid:68A49C854EC333FE3A7010B330DF99A4 BaseClass: NativeClass:/Script/Engine.StaticMeshActor Name:StaticMeshActor_UAID_1C1B0DE3C1D8217B01_1271661869 Label:Tree3_Cylinder5 SpatiallyLoaded:1 Bounds:IsValid=true, Min=(X=2731.324 Y=970.734 Z=139.390), Max=(X=2901.118 Y=1149.266 Z=566.879) RuntimeGrid:None EditorOnly:0 RuntimeOnly:0 HLODRelevant:1
 |   |   |- [+] [ 31]
 |   |   |   |- Guid:D5942E684C774D4601B5649DFE35D096 BaseClass: NativeClass:/Script/Engine.DirectionalLight Name:DirectionalLight_1 Label:DirectionalLight SpatiallyLoaded:0 Bounds:IsValid=true, Min=(X=-4398046511104.000 Y=-4398046511104.000 Z=-4398046511104.000), Max=(X=4398046511104.000 Y=4398046511104.000 Z=4398046511104.000) RuntimeGrid:None EditorOnly:0 RuntimeOnly:0 HLODRelevant:0 FolderPath:Lighting FolderGuid:08A10B054C95868C663DE39EE4343813
 |   |   |- [+] [ 32]
 |   |   |   |- Guid:04EA06D14F49D299504DC1B1AED67D55 BaseClass: NativeClass:/Script/Engine.StaticMeshActor Name:StaticMeshActor_59 Label:SM_QuarterCylinder12 SpatiallyLoaded:1 Bounds:IsValid=true, Min=(X=2000.000 Y=700.000 Z=0.000), Max=(X=2200.000 Y=900.000 Z=100.000) RuntimeGrid:None EditorOnly:0 RuntimeOnly:0 HLODRelevant:1 FolderPath:Cylinder FolderGuid:ECA4956E419DA4E5BAB7F389537BCB14
 |   |   |- [+] [ 33]
 |   |   |   |- Guid:438C9B2A478FE6CEF7E94EB48418C81F BaseClass: NativeClass:/Script/Engine.StaticMeshActor Name:StaticMeshActor_UAID_1C1B0DE3C1D8217B01_1269315868 Label:Tree3_Cylinder4 SpatiallyLoaded:1 Bounds:IsValid=true, Min=(X=2656.912 Y=1253.614 Z=114.658), Max=(X=3030.460 Y=1646.386 Z=1055.134) RuntimeGrid:None EditorOnly:0 RuntimeOnly:0 HLODRelevant:1
 |   |   |- [+] [ 34]
 |   |   |   |- Guid:77BDA3A7495F991EDEDBC78223BE09B0 BaseClass: NativeClass:/Script/Engine.StaticMeshActor Name:StaticMeshActor_53 Label:SM_QuarterCylinder3 SpatiallyLoaded:1 Bounds:IsValid=true, Min=(X=1500.000 Y=2200.000 Z=0.000), Max=(X=1600.000 Y=2300.000 Z=200.000) RuntimeGrid:None EditorOnly:0 RuntimeOnly:0 HLODRelevant:1 FolderPath:Block01 FolderGuid:98087B8444A89373CC4763B3845E270A
 |   |   |- [+] [ 35]
 |   |   |   |- Guid:8D4F8C664BCC4102D9F5908A986E8AB1 BaseClass: NativeClass:/Script/Engine.StaticMeshActor Name:StaticMeshActor_52 Label:SM_Cube12 SpatiallyLoaded:1 Bounds:IsValid=true, Min=(X=2500.000 Y=2700.000 Z=0.000), Max=(X=2600.000 Y=2800.000 Z=200.000) RuntimeGrid:None EditorOnly:0 RuntimeOnly:0 HLODRelevant:1 FolderPath:Block02 FolderGuid:5DDF0B274F9C8B2C5DABA1999B167516
 |   |   |- [+] [ 36]
 |   |   |   |- Guid:171A02A742672DD68FA86EB48AD7E42F BaseClass: NativeClass:/Script/Engine.StaticMeshActor Name:StaticMeshActor_58 Label:SM_QuarterCylinder11 SpatiallyLoaded:1 Bounds:IsValid=true, Min=(X=2200.000 Y=700.000 Z=0.000), Max=(X=2400.000 Y=900.000 Z=100.000) RuntimeGrid:None EditorOnly:0 RuntimeOnly:0 HLODRelevant:1 FolderPath:Cylinder FolderGuid:ECA4956E419DA4E5BAB7F389537BCB14
 |   |   |- [+] [ 37]
 |   |   |   |- Guid:69B66B2C4E23EACE76FE1A90C81C52D4 BaseClass: NativeClass:/Script/Engine.StaticMeshActor Name:StaticMeshActor_UAID_1C1B0DE3C1D8217B01_1081313863 Label:Rock3 SpatiallyLoaded:1 Bounds:IsValid=true, Min=(X=260.277 Y=161.822 Z=-38.729), Max=(X=616.467 Y=499.854 Z=210.356) RuntimeGrid:None EditorOnly:0 RuntimeOnly:0 HLODRelevant:1
 |   |   |- [+] [ 38]
 |   |   |   |- Guid:AE6FC05A40C21A40809FEB895B142E3A BaseClass: NativeClass:/Script/Engine.StaticMeshActor Name:StaticMeshActor_51 Label:SM_QuarterCylinder2 SpatiallyLoaded:1 Bounds:IsValid=true, Min=(X=2500.000 Y=2600.000 Z=0.000), Max=(X=2600.000 Y=2700.000 Z=200.000) RuntimeGrid:None EditorOnly:0 RuntimeOnly:0 HLODRelevant:1 FolderPath:Block02 FolderGuid:5DDF0B274F9C8B2C5DABA1999B167516
 |   |   |- [+] [ 39]
 |   |   |   |- Guid:DC8748784AA3D3A962E17F9B9C741EB3 BaseClass: NativeClass:/Script/Engine.StaticMeshActor Name:StaticMeshActor_60 Label:SM_QuarterCylinder13 SpatiallyLoaded:1 Bounds:IsValid=true, Min=(X=2000.000 Y=500.000 Z=0.000), Max=(X=2200.000 Y=700.000 Z=100.000) RuntimeGrid:None EditorOnly:0 RuntimeOnly:0 HLODRelevant:1 FolderPath:Cylinder FolderGuid:ECA4956E419DA4E5BAB7F389537BCB14
 |   |   |- [+] [ 40]
 |   |   |   |- Guid:5102A3D244AFE524BFB678BDAF0E2E16 BaseClass: NativeClass:/Script/Engine.StaticMeshActor Name:StaticMeshActor_39 Label:SM_Ramp2 SpatiallyLoaded:1 Bounds:IsValid=true, Min=(X=1400.000 Y=1500.000 Z=0.000), Max=(X=1800.000 Y=1700.000 Z=100.000) RuntimeGrid:None EditorOnly:0 RuntimeOnly:0 HLODRelevant:1 FolderPath:Block01 FolderGuid:98087B8444A89373CC4763B3845E270A
 |   |   |- [+] [ 41]
 |   |   |   |- Guid:B642B1554C532F1B7AF35EB4FFAA72AA BaseClass:/Game/Blueprints/BP_ColorGem.BP_ColorGem_C NativeClass:/Script/Engine.Actor Name:BP_ColorGem_C_UAID_00BE43BC58AE2D8601_1979133586 Label:BP_ColorGem SpatiallyLoaded:1 Bounds:IsValid=true, Min=(X=1394.000 Y=1844.000 Z=184.000), Max=(X=1586.000 Y=2036.000 Z=376.000) RuntimeGrid:None EditorOnly:0 RuntimeOnly:0 HLODRelevant:0
 |   |   |   |- Guid:E234EE4F43B1D39636A8A1BD4429AEF3 BaseClass: NativeClass:/Script/Engine.StaticMeshActor Name:StaticMeshActor_33 Label:SM_Cube SpatiallyLoaded:1 Bounds:IsValid=true, Min=(X=0.000 Y=-0.000 Z=-50.000), Max=(X=3000.000 Y=3500.000 Z=0.000) RuntimeGrid:None EditorOnly:0 RuntimeOnly:0 HLODRelevant:1 FolderPath:Playground FolderGuid:8CD33C9A4E75AD59B95486AC740693D6
 |- ContainerInstances:
 |- [+] MainContainer:
 |   |-        ID: 0x0000000000000000
 |   |-    Bounds: IsValid=false, Min=(X=0.000 Y=0.000 Z=0.000), Max=(X=0.000 Y=0.000 Z=0.000)
 |   |- Transform: 0.000000,0.000000,0.000000|0.000000,0.000000,-0.000000|1.000000,1.000000,1.000000
 |   |- Container: /Game/Levels/ColorDrainTest2
----------------------------------------------------------------------------------------------------------------
ColorDrainTest2 - Persistent Level
----------------------------------------------------------------------------------------------------------------
Always loaded Actor Count: 67 

----------------------------------------------------------------------------------------------------------------
ColorDrainTest2 - Runtime Spatial Hash - Streaming Grid - MainGrid
----------------------------------------------------------------------------------------------------------------
            Origin: X=0.000 Y=0.000 Z=0.000
         Cell Size: 12800
      World Bounds: IsValid=false, Min=(X=0.000 Y=0.000 Z=0.000), Max=(X=0.000 Y=0.000 Z=0.000)
     Loading Range: 25600.00
Block Slow Loading: No
 ClientOnlyVisible: No

[+] Grid Levels: 1
 |- Level  0: Cell Count    0 | Cell Size   12800 | Actor Count    0 (0.0%)

[+] Content of Grid Level 0

